2023-06-18 23:43:48.979 [main] INFO  o.s.b.t.c.SpringBootTestContextBootstrapper - Neither @ContextConfiguration nor @ContextHierarchy found for test class [com.lzq.demo.UserServiceTest], using SpringBootContextLoader
2023-06-18 23:43:48.986 [main] INFO  o.s.t.c.s.AbstractContextLoader - Could not detect default resource locations for test class [com.lzq.demo.UserServiceTest]: no resource found for suffixes {-context.xml, Context.groovy}.
2023-06-18 23:43:48.987 [main] INFO  o.s.t.c.s.AnnotationConfigContextLoaderUtils - Could not detect default configuration classes for test class [com.lzq.demo.UserServiceTest]: UserServiceTest does not declare any static, non-private, non-final, nested classes annotated with @Configuration.
2023-06-18 23:43:49.062 [main] INFO  o.s.b.t.c.SpringBootTestContextBootstrapper - Found @SpringBootConfiguration com.lzq.demo.DemoApplication for test class com.lzq.demo.UserServiceTest
2023-06-18 23:43:49.125 [main] INFO  o.s.b.t.c.SpringBootTestContextBootstrapper - Loaded default TestExecutionListener class names from location [META-INF/spring.factories]: [org.springframework.boot.test.mock.mockito.MockitoTestExecutionListener, org.springframework.boot.test.mock.mockito.ResetMocksTestExecutionListener, org.springframework.boot.test.autoconfigure.restdocs.RestDocsTestExecutionListener, org.springframework.boot.test.autoconfigure.web.client.MockRestServiceServerResetTestExecutionListener, org.springframework.boot.test.autoconfigure.web.servlet.MockMvcPrintOnlyOnFailureTestExecutionListener, org.springframework.boot.test.autoconfigure.web.servlet.WebDriverTestExecutionListener, org.springframework.boot.test.autoconfigure.webservices.client.MockWebServiceServerTestExecutionListener, org.springframework.test.context.web.ServletTestExecutionListener, org.springframework.test.context.support.DirtiesContextBeforeModesTestExecutionListener, org.springframework.test.context.event.ApplicationEventsTestExecutionListener, org.springframework.test.context.support.DependencyInjectionTestExecutionListener, org.springframework.test.context.support.DirtiesContextTestExecutionListener, org.springframework.test.context.transaction.TransactionalTestExecutionListener, org.springframework.test.context.jdbc.SqlScriptsTestExecutionListener, org.springframework.test.context.event.EventPublishingTestExecutionListener]
2023-06-18 23:43:49.136 [main] INFO  o.s.b.t.c.SpringBootTestContextBootstrapper - Using TestExecutionListeners: [org.springframework.test.context.web.ServletTestExecutionListener@31dadd46, org.springframework.test.context.support.DirtiesContextBeforeModesTestExecutionListener@4ed5eb72, org.springframework.test.context.event.ApplicationEventsTestExecutionListener@12f9af83, org.springframework.boot.test.mock.mockito.MockitoTestExecutionListener@19b93fa8, org.springframework.boot.test.autoconfigure.SpringBootDependencyInjectionTestExecutionListener@7e6ef134, org.springframework.test.context.support.DirtiesContextTestExecutionListener@1f010bf0, org.springframework.test.context.transaction.TransactionalTestExecutionListener@40db2a24, org.springframework.test.context.jdbc.SqlScriptsTestExecutionListener@10cf09e8, org.springframework.test.context.event.EventPublishingTestExecutionListener@1921ad94, org.springframework.boot.test.mock.mockito.ResetMocksTestExecutionListener@ee86bcb, org.springframework.boot.test.autoconfigure.restdocs.RestDocsTestExecutionListener@177bea38, org.springframework.boot.test.autoconfigure.web.client.MockRestServiceServerResetTestExecutionListener@7f132176, org.springframework.boot.test.autoconfigure.web.servlet.MockMvcPrintOnlyOnFailureTestExecutionListener@6bca7e0d, org.springframework.boot.test.autoconfigure.web.servlet.WebDriverTestExecutionListener@2631f68c, org.springframework.boot.test.autoconfigure.webservices.client.MockWebServiceServerTestExecutionListener@6ed3f258]
2023-06-18 23:43:49.349 [main] INFO  com.lzq.demo.UserServiceTest - Starting UserServiceTest using Java 17.0.6 on lindeiMac.lan with PID 3069 (started by lin in /Users/lin/IdeaProjects/Java-Tutorial/Mybatis-Plus-demo)
2023-06-18 23:43:49.349 [main] INFO  com.lzq.demo.UserServiceTest - No active profile set, falling back to 1 default profile: "default"
2023-06-18 23:43:50.133 [main] INFO  o.s.c.s.PostProcessorRegistrationDelegate$BeanPostProcessorChecker - Bean 'spring.datasource.dynamic-com.baomidou.dynamic.datasource.spring.boot.autoconfigure.DynamicDataSourceProperties' of type [com.baomidou.dynamic.datasource.spring.boot.autoconfigure.DynamicDataSourceProperties] is not eligible for getting processed by all BeanPostProcessors (for example: not eligible for auto-proxying)
2023-06-18 23:43:50.138 [main] INFO  o.s.c.s.PostProcessorRegistrationDelegate$BeanPostProcessorChecker - Bean 'com.baomidou.dynamic.datasource.spring.boot.autoconfigure.DynamicDataSourceAutoConfiguration' of type [com.baomidou.dynamic.datasource.spring.boot.autoconfigure.DynamicDataSourceAutoConfiguration$$EnhancerBySpringCGLIB$$ac26de3f] is not eligible for getting processed by all BeanPostProcessors (for example: not eligible for auto-proxying)
2023-06-18 23:43:50.153 [main] INFO  o.s.c.s.PostProcessorRegistrationDelegate$BeanPostProcessorChecker - Bean 'dsProcessor' of type [com.baomidou.dynamic.datasource.processor.DsHeaderProcessor] is not eligible for getting processed by all BeanPostProcessors (for example: not eligible for auto-proxying)
2023-06-18 23:43:50.757 [main] INFO  c.alibaba.druid.pool.DruidDataSource - {dataSource-1,master} inited
2023-06-18 23:43:50.758 [main] INFO  c.b.d.d.DynamicRoutingDataSource - dynamic-datasource - add a datasource named [master] success
2023-06-18 23:43:50.758 [main] INFO  c.b.d.d.DynamicRoutingDataSource - dynamic-datasource initial loaded [1] datasource,primary datasource named [master]
2023-06-18 23:43:51.681 [main] INFO  o.s.b.a.e.web.EndpointLinksResolver - Exposing 1 endpoint(s) beneath base path '/actuator'
2023-06-18 23:43:51.711 [main] INFO  com.lzq.demo.UserServiceTest - Started UserServiceTest in 2.545 seconds (JVM running for 3.146)
2023-06-18 23:43:52.131 [scheduling-1] ERROR druid.sql.Statement - {conn-10002, pstmt-20003} execute error. INSERT INTO tb_sign  ( id,
user_id )  VALUES  ( ?,
? )
java.sql.SQLException: Field 'year' doesn't have a default value
	at com.mysql.cj.jdbc.exceptions.SQLError.createSQLException(SQLError.java:129)
	at com.mysql.cj.jdbc.exceptions.SQLExceptionsMapping.translateException(SQLExceptionsMapping.java:122)
	at com.mysql.cj.jdbc.ClientPreparedStatement.executeInternal(ClientPreparedStatement.java:916)
	at com.mysql.cj.jdbc.ClientPreparedStatement.execute(ClientPreparedStatement.java:354)
	at com.alibaba.druid.filter.FilterChainImpl.preparedStatement_execute(FilterChainImpl.java:3461)
	at com.alibaba.druid.filter.FilterEventAdapter.preparedStatement_execute(FilterEventAdapter.java:440)
	at com.alibaba.druid.filter.FilterChainImpl.preparedStatement_execute(FilterChainImpl.java:3459)
	at com.alibaba.druid.wall.WallFilter.preparedStatement_execute(WallFilter.java:664)
	at com.alibaba.druid.filter.FilterChainImpl.preparedStatement_execute(FilterChainImpl.java:3459)
	at com.alibaba.druid.filter.FilterEventAdapter.preparedStatement_execute(FilterEventAdapter.java:440)
	at com.alibaba.druid.filter.FilterChainImpl.preparedStatement_execute(FilterChainImpl.java:3459)
	at com.alibaba.druid.proxy.jdbc.PreparedStatementProxyImpl.execute(PreparedStatementProxyImpl.java:167)
	at com.alibaba.druid.pool.DruidPooledPreparedStatement.execute(DruidPooledPreparedStatement.java:497)
	at org.apache.ibatis.executor.statement.PreparedStatementHandler.update(PreparedStatementHandler.java:47)
	at org.apache.ibatis.executor.statement.RoutingStatementHandler.update(RoutingStatementHandler.java:74)
	at org.apache.ibatis.executor.SimpleExecutor.doUpdate(SimpleExecutor.java:50)
	at org.apache.ibatis.executor.BaseExecutor.update(BaseExecutor.java:117)
	at org.apache.ibatis.executor.CachingExecutor.update(CachingExecutor.java:76)
	at java.base/jdk.internal.reflect.NativeMethodAccessorImpl.invoke0(Native Method)
	at java.base/jdk.internal.reflect.NativeMethodAccessorImpl.invoke(NativeMethodAccessorImpl.java:77)
	at java.base/jdk.internal.reflect.DelegatingMethodAccessorImpl.invoke(DelegatingMethodAccessorImpl.java:43)
	at java.base/java.lang.reflect.Method.invoke(Method.java:568)
	at org.apache.ibatis.plugin.Invocation.proceed(Invocation.java:49)
	at com.linkkou.mybatis.log.LogInterceptor.intercept(LogInterceptor.java:63)
	at org.apache.ibatis.plugin.Plugin.invoke(Plugin.java:62)
	at jdk.proxy2/jdk.proxy2.$Proxy153.update(Unknown Source)
	at org.apache.ibatis.session.defaults.DefaultSqlSession.update(DefaultSqlSession.java:194)
	at org.apache.ibatis.session.defaults.DefaultSqlSession.insert(DefaultSqlSession.java:181)
	at java.base/jdk.internal.reflect.NativeMethodAccessorImpl.invoke0(Native Method)
	at java.base/jdk.internal.reflect.NativeMethodAccessorImpl.invoke(NativeMethodAccessorImpl.java:77)
	at java.base/jdk.internal.reflect.DelegatingMethodAccessorImpl.invoke(DelegatingMethodAccessorImpl.java:43)
	at java.base/java.lang.reflect.Method.invoke(Method.java:568)
	at org.mybatis.spring.SqlSessionTemplate$SqlSessionInterceptor.invoke(SqlSessionTemplate.java:427)
	at jdk.proxy2/jdk.proxy2.$Proxy90.insert(Unknown Source)
	at org.mybatis.spring.SqlSessionTemplate.insert(SqlSessionTemplate.java:272)
	at com.baomidou.mybatisplus.core.override.MybatisMapperMethod.execute(MybatisMapperMethod.java:59)
	at com.baomidou.mybatisplus.core.override.MybatisMapperProxy$PlainMethodInvoker.invoke(MybatisMapperProxy.java:148)
	at com.baomidou.mybatisplus.core.override.MybatisMapperProxy.invoke(MybatisMapperProxy.java:89)
	at jdk.proxy2/jdk.proxy2.$Proxy93.insert(Unknown Source)
	at com.baomidou.mybatisplus.extension.service.IService.save(IService.java:63)
	at com.baomidou.mybatisplus.extension.service.IService$$FastClassBySpringCGLIB$$f8525d18.invoke(<generated>)
	at org.springframework.cglib.proxy.MethodProxy.invoke(MethodProxy.java:218)
	at org.springframework.aop.framework.CglibAopProxy$DynamicAdvisedInterceptor.intercept(CglibAopProxy.java:689)
	at com.lzq.demo.daoservice.impl.TbSignServiceImpl$$EnhancerBySpringCGLIB$$a1c5a47a.save(<generated>)
	at com.lzq.demo.thread.test.test1(test.java:28)
	at java.base/jdk.internal.reflect.NativeMethodAccessorImpl.invoke0(Native Method)
	at java.base/jdk.internal.reflect.NativeMethodAccessorImpl.invoke(NativeMethodAccessorImpl.java:77)
	at java.base/jdk.internal.reflect.DelegatingMethodAccessorImpl.invoke(DelegatingMethodAccessorImpl.java:43)
	at java.base/java.lang.reflect.Method.invoke(Method.java:568)
	at org.springframework.scheduling.support.ScheduledMethodRunnable.run(ScheduledMethodRunnable.java:84)
	at org.springframework.scheduling.support.DelegatingErrorHandlingRunnable.run(DelegatingErrorHandlingRunnable.java:54)
	at org.springframework.scheduling.concurrent.ReschedulingRunnable.run(ReschedulingRunnable.java:95)
	at java.base/java.util.concurrent.Executors$RunnableAdapter.call(Executors.java:539)
	at java.base/java.util.concurrent.FutureTask.run(FutureTask.java:264)
	at java.base/java.util.concurrent.ScheduledThreadPoolExecutor$ScheduledFutureTask.run(ScheduledThreadPoolExecutor.java:304)
	at java.base/java.util.concurrent.ThreadPoolExecutor.runWorker(ThreadPoolExecutor.java:1136)
	at java.base/java.util.concurrent.ThreadPoolExecutor$Worker.run(ThreadPoolExecutor.java:635)
	at java.base/java.lang.Thread.run(Thread.java:833)
2023-06-18 23:43:52.131 [scheduling-1] DEBUG c.a.druid.pool.PreparedStatementPool - {conn-10002, pstmt-20003} exit cache
2023-06-18 23:43:52.159 [scheduling-1] ERROR o.s.s.s.TaskUtils$LoggingErrorHandler - Unexpected error occurred in scheduled task
org.springframework.dao.DataIntegrityViolationException: 
### Error updating database.  Cause: java.sql.SQLException: Field 'year' doesn't have a default value
### The error may exist in com/lzq/demo/mapper/TbSignMapper.java (best guess)
### The error may involve com.lzq.demo.mapper.TbSignMapper.insert-Inline
### The error occurred while setting parameters
### SQL: INSERT INTO tb_sign  ( id, user_id )  VALUES  ( ?, ? )
### Cause: java.sql.SQLException: Field 'year' doesn't have a default value
; Field 'year' doesn't have a default value; nested exception is java.sql.SQLException: Field 'year' doesn't have a default value
	at org.springframework.jdbc.support.SQLErrorCodeSQLExceptionTranslator.doTranslate(SQLErrorCodeSQLExceptionTranslator.java:251)
	at org.springframework.jdbc.support.AbstractFallbackSQLExceptionTranslator.translate(AbstractFallbackSQLExceptionTranslator.java:70)
	at org.mybatis.spring.MyBatisExceptionTranslator.translateExceptionIfPossible(MyBatisExceptionTranslator.java:91)
	at org.mybatis.spring.SqlSessionTemplate$SqlSessionInterceptor.invoke(SqlSessionTemplate.java:441)
	at jdk.proxy2/jdk.proxy2.$Proxy90.insert(Unknown Source)
	at org.mybatis.spring.SqlSessionTemplate.insert(SqlSessionTemplate.java:272)
	at com.baomidou.mybatisplus.core.override.MybatisMapperMethod.execute(MybatisMapperMethod.java:59)
	at com.baomidou.mybatisplus.core.override.MybatisMapperProxy$PlainMethodInvoker.invoke(MybatisMapperProxy.java:148)
	at com.baomidou.mybatisplus.core.override.MybatisMapperProxy.invoke(MybatisMapperProxy.java:89)
	at jdk.proxy2/jdk.proxy2.$Proxy93.insert(Unknown Source)
	at com.baomidou.mybatisplus.extension.service.IService.save(IService.java:63)
	at com.baomidou.mybatisplus.extension.service.IService$$FastClassBySpringCGLIB$$f8525d18.invoke(<generated>)
	at org.springframework.cglib.proxy.MethodProxy.invoke(MethodProxy.java:218)
	at org.springframework.aop.framework.CglibAopProxy$DynamicAdvisedInterceptor.intercept(CglibAopProxy.java:689)
	at com.lzq.demo.daoservice.impl.TbSignServiceImpl$$EnhancerBySpringCGLIB$$a1c5a47a.save(<generated>)
	at com.lzq.demo.thread.test.test1(test.java:28)
	at java.base/jdk.internal.reflect.NativeMethodAccessorImpl.invoke0(Native Method)
	at java.base/jdk.internal.reflect.NativeMethodAccessorImpl.invoke(NativeMethodAccessorImpl.java:77)
	at java.base/jdk.internal.reflect.DelegatingMethodAccessorImpl.invoke(DelegatingMethodAccessorImpl.java:43)
	at java.base/java.lang.reflect.Method.invoke(Method.java:568)
	at org.springframework.scheduling.support.ScheduledMethodRunnable.run(ScheduledMethodRunnable.java:84)
	at org.springframework.scheduling.support.DelegatingErrorHandlingRunnable.run(DelegatingErrorHandlingRunnable.java:54)
	at org.springframework.scheduling.concurrent.ReschedulingRunnable.run(ReschedulingRunnable.java:95)
	at java.base/java.util.concurrent.Executors$RunnableAdapter.call(Executors.java:539)
	at java.base/java.util.concurrent.FutureTask.run(FutureTask.java:264)
	at java.base/java.util.concurrent.ScheduledThreadPoolExecutor$ScheduledFutureTask.run(ScheduledThreadPoolExecutor.java:304)
	at java.base/java.util.concurrent.ThreadPoolExecutor.runWorker(ThreadPoolExecutor.java:1136)
	at java.base/java.util.concurrent.ThreadPoolExecutor$Worker.run(ThreadPoolExecutor.java:635)
	at java.base/java.lang.Thread.run(Thread.java:833)
Caused by: java.sql.SQLException: Field 'year' doesn't have a default value
	at com.mysql.cj.jdbc.exceptions.SQLError.createSQLException(SQLError.java:129)
	at com.mysql.cj.jdbc.exceptions.SQLExceptionsMapping.translateException(SQLExceptionsMapping.java:122)
	at com.mysql.cj.jdbc.ClientPreparedStatement.executeInternal(ClientPreparedStatement.java:916)
	at com.mysql.cj.jdbc.ClientPreparedStatement.execute(ClientPreparedStatement.java:354)
	at com.alibaba.druid.filter.FilterChainImpl.preparedStatement_execute(FilterChainImpl.java:3461)
	at com.alibaba.druid.filter.FilterEventAdapter.preparedStatement_execute(FilterEventAdapter.java:440)
	at com.alibaba.druid.filter.FilterChainImpl.preparedStatement_execute(FilterChainImpl.java:3459)
	at com.alibaba.druid.wall.WallFilter.preparedStatement_execute(WallFilter.java:664)
	at com.alibaba.druid.filter.FilterChainImpl.preparedStatement_execute(FilterChainImpl.java:3459)
	at com.alibaba.druid.filter.FilterEventAdapter.preparedStatement_execute(FilterEventAdapter.java:440)
	at com.alibaba.druid.filter.FilterChainImpl.preparedStatement_execute(FilterChainImpl.java:3459)
	at com.alibaba.druid.proxy.jdbc.PreparedStatementProxyImpl.execute(PreparedStatementProxyImpl.java:167)
	at com.alibaba.druid.pool.DruidPooledPreparedStatement.execute(DruidPooledPreparedStatement.java:497)
	at org.apache.ibatis.executor.statement.PreparedStatementHandler.update(PreparedStatementHandler.java:47)
	at org.apache.ibatis.executor.statement.RoutingStatementHandler.update(RoutingStatementHandler.java:74)
	at org.apache.ibatis.executor.SimpleExecutor.doUpdate(SimpleExecutor.java:50)
	at org.apache.ibatis.executor.BaseExecutor.update(BaseExecutor.java:117)
	at org.apache.ibatis.executor.CachingExecutor.update(CachingExecutor.java:76)
	at java.base/jdk.internal.reflect.NativeMethodAccessorImpl.invoke0(Native Method)
	at java.base/jdk.internal.reflect.NativeMethodAccessorImpl.invoke(NativeMethodAccessorImpl.java:77)
	at java.base/jdk.internal.reflect.DelegatingMethodAccessorImpl.invoke(DelegatingMethodAccessorImpl.java:43)
	at java.base/java.lang.reflect.Method.invoke(Method.java:568)
	at org.apache.ibatis.plugin.Invocation.proceed(Invocation.java:49)
	at com.linkkou.mybatis.log.LogInterceptor.intercept(LogInterceptor.java:63)
	at org.apache.ibatis.plugin.Plugin.invoke(Plugin.java:62)
	at jdk.proxy2/jdk.proxy2.$Proxy153.update(Unknown Source)
	at org.apache.ibatis.session.defaults.DefaultSqlSession.update(DefaultSqlSession.java:194)
	at org.apache.ibatis.session.defaults.DefaultSqlSession.insert(DefaultSqlSession.java:181)
	at java.base/jdk.internal.reflect.NativeMethodAccessorImpl.invoke0(Native Method)
	at java.base/jdk.internal.reflect.NativeMethodAccessorImpl.invoke(NativeMethodAccessorImpl.java:77)
	at java.base/jdk.internal.reflect.DelegatingMethodAccessorImpl.invoke(DelegatingMethodAccessorImpl.java:43)
	at java.base/java.lang.reflect.Method.invoke(Method.java:568)
	at org.mybatis.spring.SqlSessionTemplate$SqlSessionInterceptor.invoke(SqlSessionTemplate.java:427)
	... 25 common frames omitted
2023-06-18 23:43:52.264 [main] ERROR druid.sql.Statement - {conn-10001, pstmt-20001} execute error. INSERT INTO tb_user  ( id,
phone,
password,
nick_name,
icon,
create_time,
update_time )  VALUES  ( ?,
?,
?,
?,
?,
?,
? )
java.sql.BatchUpdateException: Duplicate entry '13512345678' for key 'tb_user.uniqe_key_phone'
	at java.base/jdk.internal.reflect.NativeConstructorAccessorImpl.newInstance0(Native Method)
	at java.base/jdk.internal.reflect.NativeConstructorAccessorImpl.newInstance(NativeConstructorAccessorImpl.java:77)
	at java.base/jdk.internal.reflect.DelegatingConstructorAccessorImpl.newInstance(DelegatingConstructorAccessorImpl.java:45)
	at java.base/java.lang.reflect.Constructor.newInstanceWithCaller(Constructor.java:499)
	at java.base/java.lang.reflect.Constructor.newInstance(Constructor.java:480)
	at com.mysql.cj.util.Util.handleNewInstance(Util.java:192)
	at com.mysql.cj.util.Util.getInstance(Util.java:167)
	at com.mysql.cj.util.Util.getInstance(Util.java:174)
	at com.mysql.cj.jdbc.exceptions.SQLError.createBatchUpdateException(SQLError.java:224)
	at com.mysql.cj.jdbc.ClientPreparedStatement.executeBatchSerially(ClientPreparedStatement.java:816)
	at com.mysql.cj.jdbc.ClientPreparedStatement.executeBatchInternal(ClientPreparedStatement.java:418)
	at com.mysql.cj.jdbc.StatementImpl.executeBatch(StatementImpl.java:795)
	at com.alibaba.druid.filter.FilterChainImpl.statement_executeBatch(FilterChainImpl.java:3118)
	at com.alibaba.druid.filter.FilterAdapter.statement_executeBatch(FilterAdapter.java:2507)
	at com.alibaba.druid.filter.FilterEventAdapter.statement_executeBatch(FilterEventAdapter.java:279)
	at com.alibaba.druid.filter.FilterChainImpl.statement_executeBatch(FilterChainImpl.java:3116)
	at com.alibaba.druid.wall.WallFilter.statement_executeBatch(WallFilter.java:547)
	at com.alibaba.druid.filter.FilterChainImpl.statement_executeBatch(FilterChainImpl.java:3116)
	at com.alibaba.druid.filter.FilterAdapter.statement_executeBatch(FilterAdapter.java:2507)
	at com.alibaba.druid.filter.FilterEventAdapter.statement_executeBatch(FilterEventAdapter.java:279)
	at com.alibaba.druid.filter.FilterChainImpl.statement_executeBatch(FilterChainImpl.java:3116)
	at com.alibaba.druid.proxy.jdbc.StatementProxyImpl.executeBatch(StatementProxyImpl.java:202)
	at com.alibaba.druid.pool.DruidPooledPreparedStatement.executeBatch(DruidPooledPreparedStatement.java:565)
	at org.apache.ibatis.executor.BatchExecutor.doFlushStatements(BatchExecutor.java:123)
	at org.apache.ibatis.executor.BaseExecutor.flushStatements(BaseExecutor.java:129)
	at org.apache.ibatis.executor.BaseExecutor.flushStatements(BaseExecutor.java:122)
	at org.apache.ibatis.executor.CachingExecutor.flushStatements(CachingExecutor.java:114)
	at java.base/jdk.internal.reflect.NativeMethodAccessorImpl.invoke0(Native Method)
	at java.base/jdk.internal.reflect.NativeMethodAccessorImpl.invoke(NativeMethodAccessorImpl.java:77)
	at java.base/jdk.internal.reflect.DelegatingMethodAccessorImpl.invoke(DelegatingMethodAccessorImpl.java:43)
	at java.base/java.lang.reflect.Method.invoke(Method.java:568)
	at org.apache.ibatis.plugin.Plugin.invoke(Plugin.java:64)
	at jdk.proxy2/jdk.proxy2.$Proxy153.flushStatements(Unknown Source)
	at org.apache.ibatis.session.defaults.DefaultSqlSession.flushStatements(DefaultSqlSession.java:249)
	at com.baomidou.mybatisplus.extension.toolkit.SqlHelper.lambda$executeBatch$1(SqlHelper.java:224)
	at com.baomidou.mybatisplus.extension.toolkit.SqlHelper.executeBatch(SqlHelper.java:182)
	at com.baomidou.mybatisplus.extension.toolkit.SqlHelper.executeBatch(SqlHelper.java:217)
	at com.baomidou.mybatisplus.extension.service.impl.ServiceImpl.executeBatch(ServiceImpl.java:240)
	at com.baomidou.mybatisplus.extension.service.impl.ServiceImpl.saveBatch(ServiceImpl.java:136)
	at com.baomidou.mybatisplus.extension.service.IService.saveBatch(IService.java:73)
	at com.baomidou.mybatisplus.extension.service.IService$$FastClassBySpringCGLIB$$f8525d18.invoke(<generated>)
	at org.springframework.cglib.proxy.MethodProxy.invoke(MethodProxy.java:218)
	at org.springframework.aop.framework.CglibAopProxy$CglibMethodInvocation.invokeJoinpoint(CglibAopProxy.java:783)
	at org.springframework.aop.framework.ReflectiveMethodInvocation.proceed(ReflectiveMethodInvocation.java:163)
	at org.springframework.aop.framework.CglibAopProxy$CglibMethodInvocation.proceed(CglibAopProxy.java:753)
	at org.springframework.transaction.interceptor.TransactionInterceptor$1.proceedWithInvocation(TransactionInterceptor.java:123)
	at org.springframework.transaction.interceptor.TransactionAspectSupport.invokeWithinTransaction(TransactionAspectSupport.java:388)
	at org.springframework.transaction.interceptor.TransactionInterceptor.invoke(TransactionInterceptor.java:119)
	at org.springframework.aop.framework.ReflectiveMethodInvocation.proceed(ReflectiveMethodInvocation.java:186)
	at org.springframework.aop.framework.CglibAopProxy$CglibMethodInvocation.proceed(CglibAopProxy.java:753)
	at org.springframework.aop.framework.CglibAopProxy$DynamicAdvisedInterceptor.intercept(CglibAopProxy.java:698)
	at com.lzq.demo.daoservice.impl.TbUserServiceImpl$$EnhancerBySpringCGLIB$$7ab82b50.saveBatch(<generated>)
	at com.lzq.demo.service.impl.UserServiceImpl.saveOrUpdateUsers(UserServiceImpl.java:100)
	at com.lzq.demo.service.impl.UserServiceImpl$$FastClassBySpringCGLIB$$a47bd248.invoke(<generated>)
	at org.springframework.cglib.proxy.MethodProxy.invoke(MethodProxy.java:218)
	at org.springframework.aop.framework.CglibAopProxy$DynamicAdvisedInterceptor.intercept(CglibAopProxy.java:689)
	at com.lzq.demo.service.impl.UserServiceImpl$$EnhancerBySpringCGLIB$$10205b96.saveOrUpdateUsers(<generated>)
	at com.lzq.demo.UserServiceTest.testSaveOrUpdateUsers(UserServiceTest.java:64)
	at java.base/jdk.internal.reflect.NativeMethodAccessorImpl.invoke0(Native Method)
	at java.base/jdk.internal.reflect.NativeMethodAccessorImpl.invoke(NativeMethodAccessorImpl.java:77)
	at java.base/jdk.internal.reflect.DelegatingMethodAccessorImpl.invoke(DelegatingMethodAccessorImpl.java:43)
	at java.base/java.lang.reflect.Method.invoke(Method.java:568)
	at org.junit.runners.model.FrameworkMethod$1.runReflectiveCall(FrameworkMethod.java:59)
	at org.junit.internal.runners.model.ReflectiveCallable.run(ReflectiveCallable.java:12)
	at org.junit.runners.model.FrameworkMethod.invokeExplosively(FrameworkMethod.java:56)
	at org.junit.internal.runners.statements.InvokeMethod.evaluate(InvokeMethod.java:17)
	at org.springframework.test.context.junit4.statements.RunBeforeTestExecutionCallbacks.evaluate(RunBeforeTestExecutionCallbacks.java:74)
	at org.springframework.test.context.junit4.statements.RunAfterTestExecutionCallbacks.evaluate(RunAfterTestExecutionCallbacks.java:84)
	at org.springframework.test.context.junit4.statements.RunBeforeTestMethodCallbacks.evaluate(RunBeforeTestMethodCallbacks.java:75)
	at org.springframework.test.context.junit4.statements.RunAfterTestMethodCallbacks.evaluate(RunAfterTestMethodCallbacks.java:86)
	at org.springframework.test.context.junit4.statements.SpringRepeat.evaluate(SpringRepeat.java:84)
	at org.junit.runners.ParentRunner.runLeaf(ParentRunner.java:366)
	at org.springframework.test.context.junit4.SpringJUnit4ClassRunner.runChild(SpringJUnit4ClassRunner.java:251)
	at org.springframework.test.context.junit4.SpringJUnit4ClassRunner.runChild(SpringJUnit4ClassRunner.java:97)
	at org.junit.runners.ParentRunner$4.run(ParentRunner.java:331)
	at org.junit.runners.ParentRunner$1.schedule(ParentRunner.java:79)
	at org.junit.runners.ParentRunner.runChildren(ParentRunner.java:329)
	at org.junit.runners.ParentRunner.access$100(ParentRunner.java:66)
	at org.junit.runners.ParentRunner$2.evaluate(ParentRunner.java:293)
	at org.springframework.test.context.junit4.statements.RunBeforeTestClassCallbacks.evaluate(RunBeforeTestClassCallbacks.java:61)
	at org.springframework.test.context.junit4.statements.RunAfterTestClassCallbacks.evaluate(RunAfterTestClassCallbacks.java:70)
	at org.junit.runners.ParentRunner$3.evaluate(ParentRunner.java:306)
	at org.junit.runners.ParentRunner.run(ParentRunner.java:413)
	at org.springframework.test.context.junit4.SpringJUnit4ClassRunner.run(SpringJUnit4ClassRunner.java:190)
	at org.junit.runner.JUnitCore.run(JUnitCore.java:137)
	at com.intellij.junit4.JUnit4IdeaTestRunner.startRunnerWithArgs(JUnit4IdeaTestRunner.java:69)
	at com.intellij.rt.junit.IdeaTestRunner$Repeater$1.execute(IdeaTestRunner.java:38)
	at com.intellij.rt.execution.junit.TestsRepeater.repeat(TestsRepeater.java:11)
	at com.intellij.rt.junit.IdeaTestRunner$Repeater.startRunnerWithArgs(IdeaTestRunner.java:35)
	at com.intellij.rt.junit.JUnitStarter.prepareStreamsAndStart(JUnitStarter.java:232)
	at com.intellij.rt.junit.JUnitStarter.main(JUnitStarter.java:55)
Caused by: java.sql.SQLIntegrityConstraintViolationException: Duplicate entry '13512345678' for key 'tb_user.uniqe_key_phone'
	at com.mysql.cj.jdbc.exceptions.SQLError.createSQLException(SQLError.java:117)
	at com.mysql.cj.jdbc.exceptions.SQLExceptionsMapping.translateException(SQLExceptionsMapping.java:122)
	at com.mysql.cj.jdbc.ClientPreparedStatement.executeInternal(ClientPreparedStatement.java:916)
	at com.mysql.cj.jdbc.ClientPreparedStatement.executeUpdateInternal(ClientPreparedStatement.java:1061)
	at com.mysql.cj.jdbc.ClientPreparedStatement.executeBatchSerially(ClientPreparedStatement.java:795)
	... 81 common frames omitted
2023-06-18 23:43:52.265 [main] DEBUG c.a.druid.pool.PreparedStatementPool - {conn-10001, pstmt-20001} exit cache
2023-06-18 23:43:52.316 [SpringApplicationShutdownHook] INFO  c.b.d.d.DynamicRoutingDataSource - dynamic-datasource start closing ....
2023-06-18 23:43:52.317 [SpringApplicationShutdownHook] INFO  c.alibaba.druid.pool.DruidDataSource - {dataSource-1} closing ...
2023-06-18 23:43:52.323 [SpringApplicationShutdownHook] INFO  c.alibaba.druid.pool.DruidDataSource - {dataSource-1} closed
2023-06-18 23:43:52.323 [SpringApplicationShutdownHook] INFO  c.b.d.d.DynamicRoutingDataSource - dynamic-datasource all closed success,bye
2023-06-18 23:45:10.332 [main] INFO  o.s.b.t.c.SpringBootTestContextBootstrapper - Neither @ContextConfiguration nor @ContextHierarchy found for test class [com.lzq.demo.UserServiceTest], using SpringBootContextLoader
2023-06-18 23:45:10.335 [main] INFO  o.s.t.c.s.AbstractContextLoader - Could not detect default resource locations for test class [com.lzq.demo.UserServiceTest]: no resource found for suffixes {-context.xml, Context.groovy}.
2023-06-18 23:45:10.335 [main] INFO  o.s.t.c.s.AnnotationConfigContextLoaderUtils - Could not detect default configuration classes for test class [com.lzq.demo.UserServiceTest]: UserServiceTest does not declare any static, non-private, non-final, nested classes annotated with @Configuration.
2023-06-18 23:45:10.397 [main] INFO  o.s.b.t.c.SpringBootTestContextBootstrapper - Found @SpringBootConfiguration com.lzq.demo.DemoApplication for test class com.lzq.demo.UserServiceTest
2023-06-18 23:45:10.448 [main] INFO  o.s.b.t.c.SpringBootTestContextBootstrapper - Loaded default TestExecutionListener class names from location [META-INF/spring.factories]: [org.springframework.boot.test.mock.mockito.MockitoTestExecutionListener, org.springframework.boot.test.mock.mockito.ResetMocksTestExecutionListener, org.springframework.boot.test.autoconfigure.restdocs.RestDocsTestExecutionListener, org.springframework.boot.test.autoconfigure.web.client.MockRestServiceServerResetTestExecutionListener, org.springframework.boot.test.autoconfigure.web.servlet.MockMvcPrintOnlyOnFailureTestExecutionListener, org.springframework.boot.test.autoconfigure.web.servlet.WebDriverTestExecutionListener, org.springframework.boot.test.autoconfigure.webservices.client.MockWebServiceServerTestExecutionListener, org.springframework.test.context.web.ServletTestExecutionListener, org.springframework.test.context.support.DirtiesContextBeforeModesTestExecutionListener, org.springframework.test.context.event.ApplicationEventsTestExecutionListener, org.springframework.test.context.support.DependencyInjectionTestExecutionListener, org.springframework.test.context.support.DirtiesContextTestExecutionListener, org.springframework.test.context.transaction.TransactionalTestExecutionListener, org.springframework.test.context.jdbc.SqlScriptsTestExecutionListener, org.springframework.test.context.event.EventPublishingTestExecutionListener]
2023-06-18 23:45:10.456 [main] INFO  o.s.b.t.c.SpringBootTestContextBootstrapper - Using TestExecutionListeners: [org.springframework.test.context.web.ServletTestExecutionListener@55493582, org.springframework.test.context.support.DirtiesContextBeforeModesTestExecutionListener@1a20270e, org.springframework.test.context.event.ApplicationEventsTestExecutionListener@6b88ca8c, org.springframework.boot.test.mock.mockito.MockitoTestExecutionListener@336f1079, org.springframework.boot.test.autoconfigure.SpringBootDependencyInjectionTestExecutionListener@2f16c6b3, org.springframework.test.context.support.DirtiesContextTestExecutionListener@34158c08, org.springframework.test.context.transaction.TransactionalTestExecutionListener@19e4fcac, org.springframework.test.context.jdbc.SqlScriptsTestExecutionListener@52c3cb31, org.springframework.test.context.event.EventPublishingTestExecutionListener@4b79ac84, org.springframework.boot.test.mock.mockito.ResetMocksTestExecutionListener@53941c2f, org.springframework.boot.test.autoconfigure.restdocs.RestDocsTestExecutionListener@6dab9b6d, org.springframework.boot.test.autoconfigure.web.client.MockRestServiceServerResetTestExecutionListener@21fd5faa, org.springframework.boot.test.autoconfigure.web.servlet.MockMvcPrintOnlyOnFailureTestExecutionListener@2766ca9d, org.springframework.boot.test.autoconfigure.web.servlet.WebDriverTestExecutionListener@5460cf3a, org.springframework.boot.test.autoconfigure.webservices.client.MockWebServiceServerTestExecutionListener@65a15628]
2023-06-18 23:45:10.643 [main] INFO  com.lzq.demo.UserServiceTest - Starting UserServiceTest using Java 17.0.6 on lindeiMac.lan with PID 3077 (started by lin in /Users/lin/IdeaProjects/Java-Tutorial/Mybatis-Plus-demo)
2023-06-18 23:45:10.644 [main] INFO  com.lzq.demo.UserServiceTest - No active profile set, falling back to 1 default profile: "default"
2023-06-18 23:45:11.293 [main] INFO  o.s.c.s.PostProcessorRegistrationDelegate$BeanPostProcessorChecker - Bean 'spring.datasource.dynamic-com.baomidou.dynamic.datasource.spring.boot.autoconfigure.DynamicDataSourceProperties' of type [com.baomidou.dynamic.datasource.spring.boot.autoconfigure.DynamicDataSourceProperties] is not eligible for getting processed by all BeanPostProcessors (for example: not eligible for auto-proxying)
2023-06-18 23:45:11.298 [main] INFO  o.s.c.s.PostProcessorRegistrationDelegate$BeanPostProcessorChecker - Bean 'com.baomidou.dynamic.datasource.spring.boot.autoconfigure.DynamicDataSourceAutoConfiguration' of type [com.baomidou.dynamic.datasource.spring.boot.autoconfigure.DynamicDataSourceAutoConfiguration$$EnhancerBySpringCGLIB$$b0bebb93] is not eligible for getting processed by all BeanPostProcessors (for example: not eligible for auto-proxying)
2023-06-18 23:45:11.312 [main] INFO  o.s.c.s.PostProcessorRegistrationDelegate$BeanPostProcessorChecker - Bean 'dsProcessor' of type [com.baomidou.dynamic.datasource.processor.DsHeaderProcessor] is not eligible for getting processed by all BeanPostProcessors (for example: not eligible for auto-proxying)
2023-06-18 23:45:11.737 [main] INFO  c.alibaba.druid.pool.DruidDataSource - {dataSource-1,master} inited
2023-06-18 23:45:11.738 [main] INFO  c.b.d.d.DynamicRoutingDataSource - dynamic-datasource - add a datasource named [master] success
2023-06-18 23:45:11.739 [main] INFO  c.b.d.d.DynamicRoutingDataSource - dynamic-datasource initial loaded [1] datasource,primary datasource named [master]
2023-06-18 23:45:12.581 [main] INFO  o.s.b.a.e.web.EndpointLinksResolver - Exposing 1 endpoint(s) beneath base path '/actuator'
2023-06-18 23:45:12.615 [main] INFO  com.lzq.demo.UserServiceTest - Started UserServiceTest in 2.133 seconds (JVM running for 2.634)
2023-06-18 23:45:13.070 [main] ERROR druid.sql.Statement - {conn-10001, pstmt-20001} execute error. INSERT INTO tb_user  ( id,
phone,
password,
nick_name,
icon,
create_time,
update_time )  VALUES  ( ?,
?,
?,
?,
?,
?,
? )
java.sql.BatchUpdateException: Duplicate entry '13512345678' for key 'tb_user.uniqe_key_phone'
	at java.base/jdk.internal.reflect.NativeConstructorAccessorImpl.newInstance0(Native Method)
	at java.base/jdk.internal.reflect.NativeConstructorAccessorImpl.newInstance(NativeConstructorAccessorImpl.java:77)
	at java.base/jdk.internal.reflect.DelegatingConstructorAccessorImpl.newInstance(DelegatingConstructorAccessorImpl.java:45)
	at java.base/java.lang.reflect.Constructor.newInstanceWithCaller(Constructor.java:499)
	at java.base/java.lang.reflect.Constructor.newInstance(Constructor.java:480)
	at com.mysql.cj.util.Util.handleNewInstance(Util.java:192)
	at com.mysql.cj.util.Util.getInstance(Util.java:167)
	at com.mysql.cj.util.Util.getInstance(Util.java:174)
	at com.mysql.cj.jdbc.exceptions.SQLError.createBatchUpdateException(SQLError.java:224)
	at com.mysql.cj.jdbc.ClientPreparedStatement.executeBatchSerially(ClientPreparedStatement.java:816)
	at com.mysql.cj.jdbc.ClientPreparedStatement.executeBatchInternal(ClientPreparedStatement.java:418)
	at com.mysql.cj.jdbc.StatementImpl.executeBatch(StatementImpl.java:795)
	at com.alibaba.druid.filter.FilterChainImpl.statement_executeBatch(FilterChainImpl.java:3118)
	at com.alibaba.druid.filter.FilterAdapter.statement_executeBatch(FilterAdapter.java:2507)
	at com.alibaba.druid.filter.FilterEventAdapter.statement_executeBatch(FilterEventAdapter.java:279)
	at com.alibaba.druid.filter.FilterChainImpl.statement_executeBatch(FilterChainImpl.java:3116)
	at com.alibaba.druid.wall.WallFilter.statement_executeBatch(WallFilter.java:547)
	at com.alibaba.druid.filter.FilterChainImpl.statement_executeBatch(FilterChainImpl.java:3116)
	at com.alibaba.druid.filter.FilterAdapter.statement_executeBatch(FilterAdapter.java:2507)
	at com.alibaba.druid.filter.FilterEventAdapter.statement_executeBatch(FilterEventAdapter.java:279)
	at com.alibaba.druid.filter.FilterChainImpl.statement_executeBatch(FilterChainImpl.java:3116)
	at com.alibaba.druid.proxy.jdbc.StatementProxyImpl.executeBatch(StatementProxyImpl.java:202)
	at com.alibaba.druid.pool.DruidPooledPreparedStatement.executeBatch(DruidPooledPreparedStatement.java:565)
	at org.apache.ibatis.executor.BatchExecutor.doFlushStatements(BatchExecutor.java:123)
	at org.apache.ibatis.executor.BaseExecutor.flushStatements(BaseExecutor.java:129)
	at org.apache.ibatis.executor.BaseExecutor.flushStatements(BaseExecutor.java:122)
	at org.apache.ibatis.executor.CachingExecutor.flushStatements(CachingExecutor.java:114)
	at java.base/jdk.internal.reflect.NativeMethodAccessorImpl.invoke0(Native Method)
	at java.base/jdk.internal.reflect.NativeMethodAccessorImpl.invoke(NativeMethodAccessorImpl.java:77)
	at java.base/jdk.internal.reflect.DelegatingMethodAccessorImpl.invoke(DelegatingMethodAccessorImpl.java:43)
	at java.base/java.lang.reflect.Method.invoke(Method.java:568)
	at org.apache.ibatis.plugin.Plugin.invoke(Plugin.java:64)
	at jdk.proxy2/jdk.proxy2.$Proxy153.flushStatements(Unknown Source)
	at org.apache.ibatis.session.defaults.DefaultSqlSession.flushStatements(DefaultSqlSession.java:249)
	at com.baomidou.mybatisplus.extension.toolkit.SqlHelper.lambda$executeBatch$1(SqlHelper.java:224)
	at com.baomidou.mybatisplus.extension.toolkit.SqlHelper.executeBatch(SqlHelper.java:182)
	at com.baomidou.mybatisplus.extension.toolkit.SqlHelper.executeBatch(SqlHelper.java:217)
	at com.baomidou.mybatisplus.extension.service.impl.ServiceImpl.executeBatch(ServiceImpl.java:240)
	at com.baomidou.mybatisplus.extension.service.impl.ServiceImpl.saveBatch(ServiceImpl.java:136)
	at com.baomidou.mybatisplus.extension.service.IService.saveBatch(IService.java:73)
	at com.baomidou.mybatisplus.extension.service.IService$$FastClassBySpringCGLIB$$f8525d18.invoke(<generated>)
	at org.springframework.cglib.proxy.MethodProxy.invoke(MethodProxy.java:218)
	at org.springframework.aop.framework.CglibAopProxy$CglibMethodInvocation.invokeJoinpoint(CglibAopProxy.java:783)
	at org.springframework.aop.framework.ReflectiveMethodInvocation.proceed(ReflectiveMethodInvocation.java:163)
	at org.springframework.aop.framework.CglibAopProxy$CglibMethodInvocation.proceed(CglibAopProxy.java:753)
	at org.springframework.transaction.interceptor.TransactionInterceptor$1.proceedWithInvocation(TransactionInterceptor.java:123)
	at org.springframework.transaction.interceptor.TransactionAspectSupport.invokeWithinTransaction(TransactionAspectSupport.java:388)
	at org.springframework.transaction.interceptor.TransactionInterceptor.invoke(TransactionInterceptor.java:119)
	at org.springframework.aop.framework.ReflectiveMethodInvocation.proceed(ReflectiveMethodInvocation.java:186)
	at org.springframework.aop.framework.CglibAopProxy$CglibMethodInvocation.proceed(CglibAopProxy.java:753)
	at org.springframework.aop.framework.CglibAopProxy$DynamicAdvisedInterceptor.intercept(CglibAopProxy.java:698)
	at com.lzq.demo.daoservice.impl.TbUserServiceImpl$$EnhancerBySpringCGLIB$$a5d23d1.saveBatch(<generated>)
	at com.lzq.demo.service.impl.UserServiceImpl.saveOrUpdateUsers(UserServiceImpl.java:100)
	at com.lzq.demo.service.impl.UserServiceImpl$$FastClassBySpringCGLIB$$a47bd248.invoke(<generated>)
	at org.springframework.cglib.proxy.MethodProxy.invoke(MethodProxy.java:218)
	at org.springframework.aop.framework.CglibAopProxy$DynamicAdvisedInterceptor.intercept(CglibAopProxy.java:689)
	at com.lzq.demo.service.impl.UserServiceImpl$$EnhancerBySpringCGLIB$$9fc55417.saveOrUpdateUsers(<generated>)
	at com.lzq.demo.UserServiceTest.testSaveOrUpdateUsers(UserServiceTest.java:64)
	at java.base/jdk.internal.reflect.NativeMethodAccessorImpl.invoke0(Native Method)
	at java.base/jdk.internal.reflect.NativeMethodAccessorImpl.invoke(NativeMethodAccessorImpl.java:77)
	at java.base/jdk.internal.reflect.DelegatingMethodAccessorImpl.invoke(DelegatingMethodAccessorImpl.java:43)
	at java.base/java.lang.reflect.Method.invoke(Method.java:568)
	at org.junit.runners.model.FrameworkMethod$1.runReflectiveCall(FrameworkMethod.java:59)
	at org.junit.internal.runners.model.ReflectiveCallable.run(ReflectiveCallable.java:12)
	at org.junit.runners.model.FrameworkMethod.invokeExplosively(FrameworkMethod.java:56)
	at org.junit.internal.runners.statements.InvokeMethod.evaluate(InvokeMethod.java:17)
	at org.springframework.test.context.junit4.statements.RunBeforeTestExecutionCallbacks.evaluate(RunBeforeTestExecutionCallbacks.java:74)
	at org.springframework.test.context.junit4.statements.RunAfterTestExecutionCallbacks.evaluate(RunAfterTestExecutionCallbacks.java:84)
	at org.springframework.test.context.junit4.statements.RunBeforeTestMethodCallbacks.evaluate(RunBeforeTestMethodCallbacks.java:75)
	at org.springframework.test.context.junit4.statements.RunAfterTestMethodCallbacks.evaluate(RunAfterTestMethodCallbacks.java:86)
	at org.springframework.test.context.junit4.statements.SpringRepeat.evaluate(SpringRepeat.java:84)
	at org.junit.runners.ParentRunner.runLeaf(ParentRunner.java:366)
	at org.springframework.test.context.junit4.SpringJUnit4ClassRunner.runChild(SpringJUnit4ClassRunner.java:251)
	at org.springframework.test.context.junit4.SpringJUnit4ClassRunner.runChild(SpringJUnit4ClassRunner.java:97)
	at org.junit.runners.ParentRunner$4.run(ParentRunner.java:331)
	at org.junit.runners.ParentRunner$1.schedule(ParentRunner.java:79)
	at org.junit.runners.ParentRunner.runChildren(ParentRunner.java:329)
	at org.junit.runners.ParentRunner.access$100(ParentRunner.java:66)
	at org.junit.runners.ParentRunner$2.evaluate(ParentRunner.java:293)
	at org.springframework.test.context.junit4.statements.RunBeforeTestClassCallbacks.evaluate(RunBeforeTestClassCallbacks.java:61)
	at org.springframework.test.context.junit4.statements.RunAfterTestClassCallbacks.evaluate(RunAfterTestClassCallbacks.java:70)
	at org.junit.runners.ParentRunner$3.evaluate(ParentRunner.java:306)
	at org.junit.runners.ParentRunner.run(ParentRunner.java:413)
	at org.springframework.test.context.junit4.SpringJUnit4ClassRunner.run(SpringJUnit4ClassRunner.java:190)
	at org.junit.runner.JUnitCore.run(JUnitCore.java:137)
	at com.intellij.junit4.JUnit4IdeaTestRunner.startRunnerWithArgs(JUnit4IdeaTestRunner.java:69)
	at com.intellij.rt.junit.IdeaTestRunner$Repeater$1.execute(IdeaTestRunner.java:38)
	at com.intellij.rt.execution.junit.TestsRepeater.repeat(TestsRepeater.java:11)
	at com.intellij.rt.junit.IdeaTestRunner$Repeater.startRunnerWithArgs(IdeaTestRunner.java:35)
	at com.intellij.rt.junit.JUnitStarter.prepareStreamsAndStart(JUnitStarter.java:232)
	at com.intellij.rt.junit.JUnitStarter.main(JUnitStarter.java:55)
Caused by: java.sql.SQLIntegrityConstraintViolationException: Duplicate entry '13512345678' for key 'tb_user.uniqe_key_phone'
	at com.mysql.cj.jdbc.exceptions.SQLError.createSQLException(SQLError.java:117)
	at com.mysql.cj.jdbc.exceptions.SQLExceptionsMapping.translateException(SQLExceptionsMapping.java:122)
	at com.mysql.cj.jdbc.ClientPreparedStatement.executeInternal(ClientPreparedStatement.java:916)
	at com.mysql.cj.jdbc.ClientPreparedStatement.executeUpdateInternal(ClientPreparedStatement.java:1061)
	at com.mysql.cj.jdbc.ClientPreparedStatement.executeBatchSerially(ClientPreparedStatement.java:795)
	... 81 common frames omitted
2023-06-18 23:45:13.071 [main] DEBUG c.a.druid.pool.PreparedStatementPool - {conn-10001, pstmt-20001} exit cache
2023-06-18 23:45:13.130 [SpringApplicationShutdownHook] INFO  c.b.d.d.DynamicRoutingDataSource - dynamic-datasource start closing ....
2023-06-18 23:45:13.131 [SpringApplicationShutdownHook] INFO  c.alibaba.druid.pool.DruidDataSource - {dataSource-1} closing ...
2023-06-18 23:45:13.132 [SpringApplicationShutdownHook] INFO  c.alibaba.druid.pool.DruidDataSource - {dataSource-1} closed
2023-06-18 23:45:13.132 [SpringApplicationShutdownHook] INFO  c.b.d.d.DynamicRoutingDataSource - dynamic-datasource all closed success,bye
2023-06-18 23:47:27.998 [main] INFO  o.s.b.t.c.SpringBootTestContextBootstrapper - Neither @ContextConfiguration nor @ContextHierarchy found for test class [com.lzq.demo.UserServiceTest], using SpringBootContextLoader
2023-06-18 23:47:28.004 [main] INFO  o.s.t.c.s.AbstractContextLoader - Could not detect default resource locations for test class [com.lzq.demo.UserServiceTest]: no resource found for suffixes {-context.xml, Context.groovy}.
2023-06-18 23:47:28.004 [main] INFO  o.s.t.c.s.AnnotationConfigContextLoaderUtils - Could not detect default configuration classes for test class [com.lzq.demo.UserServiceTest]: UserServiceTest does not declare any static, non-private, non-final, nested classes annotated with @Configuration.
2023-06-18 23:47:28.095 [main] INFO  o.s.b.t.c.SpringBootTestContextBootstrapper - Found @SpringBootConfiguration com.lzq.demo.DemoApplication for test class com.lzq.demo.UserServiceTest
2023-06-18 23:47:28.161 [main] INFO  o.s.b.t.c.SpringBootTestContextBootstrapper - Loaded default TestExecutionListener class names from location [META-INF/spring.factories]: [org.springframework.boot.test.mock.mockito.MockitoTestExecutionListener, org.springframework.boot.test.mock.mockito.ResetMocksTestExecutionListener, org.springframework.boot.test.autoconfigure.restdocs.RestDocsTestExecutionListener, org.springframework.boot.test.autoconfigure.web.client.MockRestServiceServerResetTestExecutionListener, org.springframework.boot.test.autoconfigure.web.servlet.MockMvcPrintOnlyOnFailureTestExecutionListener, org.springframework.boot.test.autoconfigure.web.servlet.WebDriverTestExecutionListener, org.springframework.boot.test.autoconfigure.webservices.client.MockWebServiceServerTestExecutionListener, org.springframework.test.context.web.ServletTestExecutionListener, org.springframework.test.context.support.DirtiesContextBeforeModesTestExecutionListener, org.springframework.test.context.event.ApplicationEventsTestExecutionListener, org.springframework.test.context.support.DependencyInjectionTestExecutionListener, org.springframework.test.context.support.DirtiesContextTestExecutionListener, org.springframework.test.context.transaction.TransactionalTestExecutionListener, org.springframework.test.context.jdbc.SqlScriptsTestExecutionListener, org.springframework.test.context.event.EventPublishingTestExecutionListener]
2023-06-18 23:47:28.169 [main] INFO  o.s.b.t.c.SpringBootTestContextBootstrapper - Using TestExecutionListeners: [org.springframework.test.context.web.ServletTestExecutionListener@55493582, org.springframework.test.context.support.DirtiesContextBeforeModesTestExecutionListener@1a20270e, org.springframework.test.context.event.ApplicationEventsTestExecutionListener@6b88ca8c, org.springframework.boot.test.mock.mockito.MockitoTestExecutionListener@336f1079, org.springframework.boot.test.autoconfigure.SpringBootDependencyInjectionTestExecutionListener@2f16c6b3, org.springframework.test.context.support.DirtiesContextTestExecutionListener@34158c08, org.springframework.test.context.transaction.TransactionalTestExecutionListener@19e4fcac, org.springframework.test.context.jdbc.SqlScriptsTestExecutionListener@52c3cb31, org.springframework.test.context.event.EventPublishingTestExecutionListener@4b79ac84, org.springframework.boot.test.mock.mockito.ResetMocksTestExecutionListener@53941c2f, org.springframework.boot.test.autoconfigure.restdocs.RestDocsTestExecutionListener@6dab9b6d, org.springframework.boot.test.autoconfigure.web.client.MockRestServiceServerResetTestExecutionListener@21fd5faa, org.springframework.boot.test.autoconfigure.web.servlet.MockMvcPrintOnlyOnFailureTestExecutionListener@2766ca9d, org.springframework.boot.test.autoconfigure.web.servlet.WebDriverTestExecutionListener@5460cf3a, org.springframework.boot.test.autoconfigure.webservices.client.MockWebServiceServerTestExecutionListener@65a15628]
2023-06-18 23:47:28.422 [main] INFO  com.lzq.demo.UserServiceTest - Starting UserServiceTest using Java 17.0.6 on lindeiMac.lan with PID 3157 (started by lin in /Users/lin/IdeaProjects/Java-Tutorial/Mybatis-Plus-demo)
2023-06-18 23:47:28.423 [main] INFO  com.lzq.demo.UserServiceTest - No active profile set, falling back to 1 default profile: "default"
2023-06-18 23:47:29.129 [main] INFO  o.s.c.s.PostProcessorRegistrationDelegate$BeanPostProcessorChecker - Bean 'spring.datasource.dynamic-com.baomidou.dynamic.datasource.spring.boot.autoconfigure.DynamicDataSourceProperties' of type [com.baomidou.dynamic.datasource.spring.boot.autoconfigure.DynamicDataSourceProperties] is not eligible for getting processed by all BeanPostProcessors (for example: not eligible for auto-proxying)
2023-06-18 23:47:29.136 [main] INFO  o.s.c.s.PostProcessorRegistrationDelegate$BeanPostProcessorChecker - Bean 'com.baomidou.dynamic.datasource.spring.boot.autoconfigure.DynamicDataSourceAutoConfiguration' of type [com.baomidou.dynamic.datasource.spring.boot.autoconfigure.DynamicDataSourceAutoConfiguration$$EnhancerBySpringCGLIB$$91703ef2] is not eligible for getting processed by all BeanPostProcessors (for example: not eligible for auto-proxying)
2023-06-18 23:47:29.151 [main] INFO  o.s.c.s.PostProcessorRegistrationDelegate$BeanPostProcessorChecker - Bean 'dsProcessor' of type [com.baomidou.dynamic.datasource.processor.DsHeaderProcessor] is not eligible for getting processed by all BeanPostProcessors (for example: not eligible for auto-proxying)
2023-06-18 23:47:30.021 [main] INFO  c.alibaba.druid.pool.DruidDataSource - {dataSource-1,master} inited
2023-06-18 23:47:30.022 [main] INFO  c.b.d.d.DynamicRoutingDataSource - dynamic-datasource - add a datasource named [master] success
2023-06-18 23:47:30.022 [main] INFO  c.b.d.d.DynamicRoutingDataSource - dynamic-datasource initial loaded [1] datasource,primary datasource named [master]
2023-06-18 23:47:30.838 [main] INFO  o.s.b.a.e.web.EndpointLinksResolver - Exposing 1 endpoint(s) beneath base path '/actuator'
2023-06-18 23:47:30.868 [main] INFO  com.lzq.demo.UserServiceTest - Started UserServiceTest in 2.659 seconds (JVM running for 3.271)
2023-06-18 23:47:31.147 [scheduling-1] ERROR druid.sql.Statement - {conn-10001, pstmt-20001} execute error. INSERT INTO tb_sign  ( id,
user_id )  VALUES  ( ?,
? )
java.sql.SQLException: Field 'year' doesn't have a default value
	at com.mysql.cj.jdbc.exceptions.SQLError.createSQLException(SQLError.java:129)
	at com.mysql.cj.jdbc.exceptions.SQLExceptionsMapping.translateException(SQLExceptionsMapping.java:122)
	at com.mysql.cj.jdbc.ClientPreparedStatement.executeInternal(ClientPreparedStatement.java:916)
	at com.mysql.cj.jdbc.ClientPreparedStatement.execute(ClientPreparedStatement.java:354)
	at com.alibaba.druid.filter.FilterChainImpl.preparedStatement_execute(FilterChainImpl.java:3461)
	at com.alibaba.druid.filter.FilterEventAdapter.preparedStatement_execute(FilterEventAdapter.java:440)
	at com.alibaba.druid.filter.FilterChainImpl.preparedStatement_execute(FilterChainImpl.java:3459)
	at com.alibaba.druid.wall.WallFilter.preparedStatement_execute(WallFilter.java:664)
	at com.alibaba.druid.filter.FilterChainImpl.preparedStatement_execute(FilterChainImpl.java:3459)
	at com.alibaba.druid.filter.FilterEventAdapter.preparedStatement_execute(FilterEventAdapter.java:440)
	at com.alibaba.druid.filter.FilterChainImpl.preparedStatement_execute(FilterChainImpl.java:3459)
	at com.alibaba.druid.proxy.jdbc.PreparedStatementProxyImpl.execute(PreparedStatementProxyImpl.java:167)
	at com.alibaba.druid.pool.DruidPooledPreparedStatement.execute(DruidPooledPreparedStatement.java:497)
	at org.apache.ibatis.executor.statement.PreparedStatementHandler.update(PreparedStatementHandler.java:47)
	at org.apache.ibatis.executor.statement.RoutingStatementHandler.update(RoutingStatementHandler.java:74)
	at org.apache.ibatis.executor.SimpleExecutor.doUpdate(SimpleExecutor.java:50)
	at org.apache.ibatis.executor.BaseExecutor.update(BaseExecutor.java:117)
	at org.apache.ibatis.executor.CachingExecutor.update(CachingExecutor.java:76)
	at java.base/jdk.internal.reflect.NativeMethodAccessorImpl.invoke0(Native Method)
	at java.base/jdk.internal.reflect.NativeMethodAccessorImpl.invoke(NativeMethodAccessorImpl.java:77)
	at java.base/jdk.internal.reflect.DelegatingMethodAccessorImpl.invoke(DelegatingMethodAccessorImpl.java:43)
	at java.base/java.lang.reflect.Method.invoke(Method.java:568)
	at org.apache.ibatis.plugin.Invocation.proceed(Invocation.java:49)
	at com.linkkou.mybatis.log.LogInterceptor.intercept(LogInterceptor.java:63)
	at org.apache.ibatis.plugin.Plugin.invoke(Plugin.java:62)
	at jdk.proxy2/jdk.proxy2.$Proxy140.update(Unknown Source)
	at org.apache.ibatis.session.defaults.DefaultSqlSession.update(DefaultSqlSession.java:194)
	at org.apache.ibatis.session.defaults.DefaultSqlSession.insert(DefaultSqlSession.java:181)
	at java.base/jdk.internal.reflect.NativeMethodAccessorImpl.invoke0(Native Method)
	at java.base/jdk.internal.reflect.NativeMethodAccessorImpl.invoke(NativeMethodAccessorImpl.java:77)
	at java.base/jdk.internal.reflect.DelegatingMethodAccessorImpl.invoke(DelegatingMethodAccessorImpl.java:43)
	at java.base/java.lang.reflect.Method.invoke(Method.java:568)
	at org.mybatis.spring.SqlSessionTemplate$SqlSessionInterceptor.invoke(SqlSessionTemplate.java:427)
	at jdk.proxy2/jdk.proxy2.$Proxy90.insert(Unknown Source)
	at org.mybatis.spring.SqlSessionTemplate.insert(SqlSessionTemplate.java:272)
	at com.baomidou.mybatisplus.core.override.MybatisMapperMethod.execute(MybatisMapperMethod.java:59)
	at com.baomidou.mybatisplus.core.override.MybatisMapperProxy$PlainMethodInvoker.invoke(MybatisMapperProxy.java:148)
	at com.baomidou.mybatisplus.core.override.MybatisMapperProxy.invoke(MybatisMapperProxy.java:89)
	at jdk.proxy2/jdk.proxy2.$Proxy93.insert(Unknown Source)
	at com.baomidou.mybatisplus.extension.service.IService.save(IService.java:63)
	at com.baomidou.mybatisplus.extension.service.IService$$FastClassBySpringCGLIB$$f8525d18.invoke(<generated>)
	at org.springframework.cglib.proxy.MethodProxy.invoke(MethodProxy.java:218)
	at org.springframework.aop.framework.CglibAopProxy$DynamicAdvisedInterceptor.intercept(CglibAopProxy.java:689)
	at com.lzq.demo.daoservice.impl.TbSignServiceImpl$$EnhancerBySpringCGLIB$$5d92ee3d.save(<generated>)
	at com.lzq.demo.thread.test.test1(test.java:28)
	at java.base/jdk.internal.reflect.NativeMethodAccessorImpl.invoke0(Native Method)
	at java.base/jdk.internal.reflect.NativeMethodAccessorImpl.invoke(NativeMethodAccessorImpl.java:77)
	at java.base/jdk.internal.reflect.DelegatingMethodAccessorImpl.invoke(DelegatingMethodAccessorImpl.java:43)
	at java.base/java.lang.reflect.Method.invoke(Method.java:568)
	at org.springframework.scheduling.support.ScheduledMethodRunnable.run(ScheduledMethodRunnable.java:84)
	at org.springframework.scheduling.support.DelegatingErrorHandlingRunnable.run(DelegatingErrorHandlingRunnable.java:54)
	at org.springframework.scheduling.concurrent.ReschedulingRunnable.run(ReschedulingRunnable.java:95)
	at java.base/java.util.concurrent.Executors$RunnableAdapter.call(Executors.java:539)
	at java.base/java.util.concurrent.FutureTask.run(FutureTask.java:264)
	at java.base/java.util.concurrent.ScheduledThreadPoolExecutor$ScheduledFutureTask.run(ScheduledThreadPoolExecutor.java:304)
	at java.base/java.util.concurrent.ThreadPoolExecutor.runWorker(ThreadPoolExecutor.java:1136)
	at java.base/java.util.concurrent.ThreadPoolExecutor$Worker.run(ThreadPoolExecutor.java:635)
	at java.base/java.lang.Thread.run(Thread.java:833)
2023-06-18 23:47:31.148 [scheduling-1] DEBUG c.a.druid.pool.PreparedStatementPool - {conn-10001, pstmt-20001} exit cache
2023-06-18 23:47:31.241 [scheduling-1] ERROR o.s.s.s.TaskUtils$LoggingErrorHandler - Unexpected error occurred in scheduled task
org.springframework.dao.DataIntegrityViolationException: 
### Error updating database.  Cause: java.sql.SQLException: Field 'year' doesn't have a default value
### The error may exist in com/lzq/demo/mapper/TbSignMapper.java (best guess)
### The error may involve com.lzq.demo.mapper.TbSignMapper.insert-Inline
### The error occurred while setting parameters
### SQL: INSERT INTO tb_sign  ( id, user_id )  VALUES  ( ?, ? )
### Cause: java.sql.SQLException: Field 'year' doesn't have a default value
; Field 'year' doesn't have a default value; nested exception is java.sql.SQLException: Field 'year' doesn't have a default value
	at org.springframework.jdbc.support.SQLErrorCodeSQLExceptionTranslator.doTranslate(SQLErrorCodeSQLExceptionTranslator.java:251)
	at org.springframework.jdbc.support.AbstractFallbackSQLExceptionTranslator.translate(AbstractFallbackSQLExceptionTranslator.java:70)
	at org.mybatis.spring.MyBatisExceptionTranslator.translateExceptionIfPossible(MyBatisExceptionTranslator.java:91)
	at org.mybatis.spring.SqlSessionTemplate$SqlSessionInterceptor.invoke(SqlSessionTemplate.java:441)
	at jdk.proxy2/jdk.proxy2.$Proxy90.insert(Unknown Source)
	at org.mybatis.spring.SqlSessionTemplate.insert(SqlSessionTemplate.java:272)
	at com.baomidou.mybatisplus.core.override.MybatisMapperMethod.execute(MybatisMapperMethod.java:59)
	at com.baomidou.mybatisplus.core.override.MybatisMapperProxy$PlainMethodInvoker.invoke(MybatisMapperProxy.java:148)
	at com.baomidou.mybatisplus.core.override.MybatisMapperProxy.invoke(MybatisMapperProxy.java:89)
	at jdk.proxy2/jdk.proxy2.$Proxy93.insert(Unknown Source)
	at com.baomidou.mybatisplus.extension.service.IService.save(IService.java:63)
	at com.baomidou.mybatisplus.extension.service.IService$$FastClassBySpringCGLIB$$f8525d18.invoke(<generated>)
	at org.springframework.cglib.proxy.MethodProxy.invoke(MethodProxy.java:218)
	at org.springframework.aop.framework.CglibAopProxy$DynamicAdvisedInterceptor.intercept(CglibAopProxy.java:689)
	at com.lzq.demo.daoservice.impl.TbSignServiceImpl$$EnhancerBySpringCGLIB$$5d92ee3d.save(<generated>)
	at com.lzq.demo.thread.test.test1(test.java:28)
	at java.base/jdk.internal.reflect.NativeMethodAccessorImpl.invoke0(Native Method)
	at java.base/jdk.internal.reflect.NativeMethodAccessorImpl.invoke(NativeMethodAccessorImpl.java:77)
	at java.base/jdk.internal.reflect.DelegatingMethodAccessorImpl.invoke(DelegatingMethodAccessorImpl.java:43)
	at java.base/java.lang.reflect.Method.invoke(Method.java:568)
	at org.springframework.scheduling.support.ScheduledMethodRunnable.run(ScheduledMethodRunnable.java:84)
	at org.springframework.scheduling.support.DelegatingErrorHandlingRunnable.run(DelegatingErrorHandlingRunnable.java:54)
	at org.springframework.scheduling.concurrent.ReschedulingRunnable.run(ReschedulingRunnable.java:95)
	at java.base/java.util.concurrent.Executors$RunnableAdapter.call(Executors.java:539)
	at java.base/java.util.concurrent.FutureTask.run(FutureTask.java:264)
	at java.base/java.util.concurrent.ScheduledThreadPoolExecutor$ScheduledFutureTask.run(ScheduledThreadPoolExecutor.java:304)
	at java.base/java.util.concurrent.ThreadPoolExecutor.runWorker(ThreadPoolExecutor.java:1136)
	at java.base/java.util.concurrent.ThreadPoolExecutor$Worker.run(ThreadPoolExecutor.java:635)
	at java.base/java.lang.Thread.run(Thread.java:833)
Caused by: java.sql.SQLException: Field 'year' doesn't have a default value
	at com.mysql.cj.jdbc.exceptions.SQLError.createSQLException(SQLError.java:129)
	at com.mysql.cj.jdbc.exceptions.SQLExceptionsMapping.translateException(SQLExceptionsMapping.java:122)
	at com.mysql.cj.jdbc.ClientPreparedStatement.executeInternal(ClientPreparedStatement.java:916)
	at com.mysql.cj.jdbc.ClientPreparedStatement.execute(ClientPreparedStatement.java:354)
	at com.alibaba.druid.filter.FilterChainImpl.preparedStatement_execute(FilterChainImpl.java:3461)
	at com.alibaba.druid.filter.FilterEventAdapter.preparedStatement_execute(FilterEventAdapter.java:440)
	at com.alibaba.druid.filter.FilterChainImpl.preparedStatement_execute(FilterChainImpl.java:3459)
	at com.alibaba.druid.wall.WallFilter.preparedStatement_execute(WallFilter.java:664)
	at com.alibaba.druid.filter.FilterChainImpl.preparedStatement_execute(FilterChainImpl.java:3459)
	at com.alibaba.druid.filter.FilterEventAdapter.preparedStatement_execute(FilterEventAdapter.java:440)
	at com.alibaba.druid.filter.FilterChainImpl.preparedStatement_execute(FilterChainImpl.java:3459)
	at com.alibaba.druid.proxy.jdbc.PreparedStatementProxyImpl.execute(PreparedStatementProxyImpl.java:167)
	at com.alibaba.druid.pool.DruidPooledPreparedStatement.execute(DruidPooledPreparedStatement.java:497)
	at org.apache.ibatis.executor.statement.PreparedStatementHandler.update(PreparedStatementHandler.java:47)
	at org.apache.ibatis.executor.statement.RoutingStatementHandler.update(RoutingStatementHandler.java:74)
	at org.apache.ibatis.executor.SimpleExecutor.doUpdate(SimpleExecutor.java:50)
	at org.apache.ibatis.executor.BaseExecutor.update(BaseExecutor.java:117)
	at org.apache.ibatis.executor.CachingExecutor.update(CachingExecutor.java:76)
	at java.base/jdk.internal.reflect.NativeMethodAccessorImpl.invoke0(Native Method)
	at java.base/jdk.internal.reflect.NativeMethodAccessorImpl.invoke(NativeMethodAccessorImpl.java:77)
	at java.base/jdk.internal.reflect.DelegatingMethodAccessorImpl.invoke(DelegatingMethodAccessorImpl.java:43)
	at java.base/java.lang.reflect.Method.invoke(Method.java:568)
	at org.apache.ibatis.plugin.Invocation.proceed(Invocation.java:49)
	at com.linkkou.mybatis.log.LogInterceptor.intercept(LogInterceptor.java:63)
	at org.apache.ibatis.plugin.Plugin.invoke(Plugin.java:62)
	at jdk.proxy2/jdk.proxy2.$Proxy140.update(Unknown Source)
	at org.apache.ibatis.session.defaults.DefaultSqlSession.update(DefaultSqlSession.java:194)
	at org.apache.ibatis.session.defaults.DefaultSqlSession.insert(DefaultSqlSession.java:181)
	at java.base/jdk.internal.reflect.NativeMethodAccessorImpl.invoke0(Native Method)
	at java.base/jdk.internal.reflect.NativeMethodAccessorImpl.invoke(NativeMethodAccessorImpl.java:77)
	at java.base/jdk.internal.reflect.DelegatingMethodAccessorImpl.invoke(DelegatingMethodAccessorImpl.java:43)
	at java.base/java.lang.reflect.Method.invoke(Method.java:568)
	at org.mybatis.spring.SqlSessionTemplate$SqlSessionInterceptor.invoke(SqlSessionTemplate.java:427)
	... 25 common frames omitted
2023-06-18 23:47:31.361 [main] DEBUG c.a.druid.pool.PreparedStatementPool - {conn-10001, pstmt-20002} enter cache
2023-06-18 23:47:31.409 [SpringApplicationShutdownHook] INFO  c.b.d.d.DynamicRoutingDataSource - dynamic-datasource start closing ....
2023-06-18 23:47:31.411 [SpringApplicationShutdownHook] INFO  c.alibaba.druid.pool.DruidDataSource - {dataSource-1} closing ...
2023-06-18 23:47:31.414 [SpringApplicationShutdownHook] DEBUG c.a.druid.pool.PreparedStatementPool - {conn-10001, pstmt-20002} exit cache
2023-06-18 23:47:31.414 [SpringApplicationShutdownHook] INFO  c.alibaba.druid.pool.DruidDataSource - {dataSource-1} closed
2023-06-18 23:47:31.414 [SpringApplicationShutdownHook] INFO  c.b.d.d.DynamicRoutingDataSource - dynamic-datasource all closed success,bye
2023-06-18 23:53:02.319 [main] INFO  o.s.b.t.c.SpringBootTestContextBootstrapper - Neither @ContextConfiguration nor @ContextHierarchy found for test class [com.lzq.demo.UserServiceTest], using SpringBootContextLoader
2023-06-18 23:53:02.322 [main] INFO  o.s.t.c.s.AbstractContextLoader - Could not detect default resource locations for test class [com.lzq.demo.UserServiceTest]: no resource found for suffixes {-context.xml, Context.groovy}.
2023-06-18 23:53:02.323 [main] INFO  o.s.t.c.s.AnnotationConfigContextLoaderUtils - Could not detect default configuration classes for test class [com.lzq.demo.UserServiceTest]: UserServiceTest does not declare any static, non-private, non-final, nested classes annotated with @Configuration.
2023-06-18 23:53:02.384 [main] INFO  o.s.b.t.c.SpringBootTestContextBootstrapper - Found @SpringBootConfiguration com.lzq.demo.DemoApplication for test class com.lzq.demo.UserServiceTest
2023-06-18 23:53:02.432 [main] INFO  o.s.b.t.c.SpringBootTestContextBootstrapper - Loaded default TestExecutionListener class names from location [META-INF/spring.factories]: [org.springframework.boot.test.mock.mockito.MockitoTestExecutionListener, org.springframework.boot.test.mock.mockito.ResetMocksTestExecutionListener, org.springframework.boot.test.autoconfigure.restdocs.RestDocsTestExecutionListener, org.springframework.boot.test.autoconfigure.web.client.MockRestServiceServerResetTestExecutionListener, org.springframework.boot.test.autoconfigure.web.servlet.MockMvcPrintOnlyOnFailureTestExecutionListener, org.springframework.boot.test.autoconfigure.web.servlet.WebDriverTestExecutionListener, org.springframework.boot.test.autoconfigure.webservices.client.MockWebServiceServerTestExecutionListener, org.springframework.test.context.web.ServletTestExecutionListener, org.springframework.test.context.support.DirtiesContextBeforeModesTestExecutionListener, org.springframework.test.context.event.ApplicationEventsTestExecutionListener, org.springframework.test.context.support.DependencyInjectionTestExecutionListener, org.springframework.test.context.support.DirtiesContextTestExecutionListener, org.springframework.test.context.transaction.TransactionalTestExecutionListener, org.springframework.test.context.jdbc.SqlScriptsTestExecutionListener, org.springframework.test.context.event.EventPublishingTestExecutionListener]
2023-06-18 23:53:02.439 [main] INFO  o.s.b.t.c.SpringBootTestContextBootstrapper - Using TestExecutionListeners: [org.springframework.test.context.web.ServletTestExecutionListener@55493582, org.springframework.test.context.support.DirtiesContextBeforeModesTestExecutionListener@1a20270e, org.springframework.test.context.event.ApplicationEventsTestExecutionListener@6b88ca8c, org.springframework.boot.test.mock.mockito.MockitoTestExecutionListener@336f1079, org.springframework.boot.test.autoconfigure.SpringBootDependencyInjectionTestExecutionListener@2f16c6b3, org.springframework.test.context.support.DirtiesContextTestExecutionListener@34158c08, org.springframework.test.context.transaction.TransactionalTestExecutionListener@19e4fcac, org.springframework.test.context.jdbc.SqlScriptsTestExecutionListener@52c3cb31, org.springframework.test.context.event.EventPublishingTestExecutionListener@4b79ac84, org.springframework.boot.test.mock.mockito.ResetMocksTestExecutionListener@53941c2f, org.springframework.boot.test.autoconfigure.restdocs.RestDocsTestExecutionListener@6dab9b6d, org.springframework.boot.test.autoconfigure.web.client.MockRestServiceServerResetTestExecutionListener@21fd5faa, org.springframework.boot.test.autoconfigure.web.servlet.MockMvcPrintOnlyOnFailureTestExecutionListener@2766ca9d, org.springframework.boot.test.autoconfigure.web.servlet.WebDriverTestExecutionListener@5460cf3a, org.springframework.boot.test.autoconfigure.webservices.client.MockWebServiceServerTestExecutionListener@65a15628]
2023-06-18 23:53:02.616 [main] INFO  com.lzq.demo.UserServiceTest - Starting UserServiceTest using Java 17.0.6 on lindeiMac.lan with PID 3191 (started by lin in /Users/lin/IdeaProjects/Java-Tutorial/Mybatis-Plus-demo)
2023-06-18 23:53:02.616 [main] INFO  com.lzq.demo.UserServiceTest - No active profile set, falling back to 1 default profile: "default"
2023-06-18 23:53:03.255 [main] INFO  o.s.c.s.PostProcessorRegistrationDelegate$BeanPostProcessorChecker - Bean 'spring.datasource.dynamic-com.baomidou.dynamic.datasource.spring.boot.autoconfigure.DynamicDataSourceProperties' of type [com.baomidou.dynamic.datasource.spring.boot.autoconfigure.DynamicDataSourceProperties] is not eligible for getting processed by all BeanPostProcessors (for example: not eligible for auto-proxying)
2023-06-18 23:53:03.261 [main] INFO  o.s.c.s.PostProcessorRegistrationDelegate$BeanPostProcessorChecker - Bean 'com.baomidou.dynamic.datasource.spring.boot.autoconfigure.DynamicDataSourceAutoConfiguration' of type [com.baomidou.dynamic.datasource.spring.boot.autoconfigure.DynamicDataSourceAutoConfiguration$$EnhancerBySpringCGLIB$$f7c8537c] is not eligible for getting processed by all BeanPostProcessors (for example: not eligible for auto-proxying)
2023-06-18 23:53:03.276 [main] INFO  o.s.c.s.PostProcessorRegistrationDelegate$BeanPostProcessorChecker - Bean 'dsProcessor' of type [com.baomidou.dynamic.datasource.processor.DsHeaderProcessor] is not eligible for getting processed by all BeanPostProcessors (for example: not eligible for auto-proxying)
2023-06-18 23:53:04.268 [main] INFO  c.alibaba.druid.pool.DruidDataSource - {dataSource-1,master} inited
2023-06-18 23:53:04.269 [main] INFO  c.b.d.d.DynamicRoutingDataSource - dynamic-datasource - add a datasource named [master] success
2023-06-18 23:53:04.269 [main] INFO  c.b.d.d.DynamicRoutingDataSource - dynamic-datasource initial loaded [1] datasource,primary datasource named [master]
2023-06-18 23:53:05.110 [main] INFO  o.s.b.a.e.web.EndpointLinksResolver - Exposing 1 endpoint(s) beneath base path '/actuator'
2023-06-18 23:53:05.141 [main] INFO  com.lzq.demo.UserServiceTest - Started UserServiceTest in 2.679 seconds (JVM running for 3.19)
2023-06-18 23:53:06.000 [main] DEBUG c.a.druid.pool.PreparedStatementPool - {conn-10001, pstmt-20001} enter cache
2023-06-18 23:53:06.045 [SpringApplicationShutdownHook] INFO  c.b.d.d.DynamicRoutingDataSource - dynamic-datasource start closing ....
2023-06-18 23:53:06.046 [SpringApplicationShutdownHook] INFO  c.alibaba.druid.pool.DruidDataSource - {dataSource-1} closing ...
2023-06-18 23:53:06.047 [SpringApplicationShutdownHook] INFO  c.alibaba.druid.pool.DruidDataSource - {dataSource-1} closed
2023-06-18 23:53:06.047 [SpringApplicationShutdownHook] INFO  c.b.d.d.DynamicRoutingDataSource - dynamic-datasource all closed success,bye
2023-06-18 23:55:49.585 [main] INFO  o.s.b.t.c.SpringBootTestContextBootstrapper - Neither @ContextConfiguration nor @ContextHierarchy found for test class [com.lzq.demo.UserServiceTest], using SpringBootContextLoader
2023-06-18 23:55:49.589 [main] INFO  o.s.t.c.s.AbstractContextLoader - Could not detect default resource locations for test class [com.lzq.demo.UserServiceTest]: no resource found for suffixes {-context.xml, Context.groovy}.
2023-06-18 23:55:49.589 [main] INFO  o.s.t.c.s.AnnotationConfigContextLoaderUtils - Could not detect default configuration classes for test class [com.lzq.demo.UserServiceTest]: UserServiceTest does not declare any static, non-private, non-final, nested classes annotated with @Configuration.
2023-06-18 23:55:49.649 [main] INFO  o.s.b.t.c.SpringBootTestContextBootstrapper - Found @SpringBootConfiguration com.lzq.demo.DemoApplication for test class com.lzq.demo.UserServiceTest
2023-06-18 23:55:49.694 [main] INFO  o.s.b.t.c.SpringBootTestContextBootstrapper - Loaded default TestExecutionListener class names from location [META-INF/spring.factories]: [org.springframework.boot.test.mock.mockito.MockitoTestExecutionListener, org.springframework.boot.test.mock.mockito.ResetMocksTestExecutionListener, org.springframework.boot.test.autoconfigure.restdocs.RestDocsTestExecutionListener, org.springframework.boot.test.autoconfigure.web.client.MockRestServiceServerResetTestExecutionListener, org.springframework.boot.test.autoconfigure.web.servlet.MockMvcPrintOnlyOnFailureTestExecutionListener, org.springframework.boot.test.autoconfigure.web.servlet.WebDriverTestExecutionListener, org.springframework.boot.test.autoconfigure.webservices.client.MockWebServiceServerTestExecutionListener, org.springframework.test.context.web.ServletTestExecutionListener, org.springframework.test.context.support.DirtiesContextBeforeModesTestExecutionListener, org.springframework.test.context.event.ApplicationEventsTestExecutionListener, org.springframework.test.context.support.DependencyInjectionTestExecutionListener, org.springframework.test.context.support.DirtiesContextTestExecutionListener, org.springframework.test.context.transaction.TransactionalTestExecutionListener, org.springframework.test.context.jdbc.SqlScriptsTestExecutionListener, org.springframework.test.context.event.EventPublishingTestExecutionListener]
2023-06-18 23:55:49.701 [main] INFO  o.s.b.t.c.SpringBootTestContextBootstrapper - Using TestExecutionListeners: [org.springframework.test.context.web.ServletTestExecutionListener@55493582, org.springframework.test.context.support.DirtiesContextBeforeModesTestExecutionListener@1a20270e, org.springframework.test.context.event.ApplicationEventsTestExecutionListener@6b88ca8c, org.springframework.boot.test.mock.mockito.MockitoTestExecutionListener@336f1079, org.springframework.boot.test.autoconfigure.SpringBootDependencyInjectionTestExecutionListener@2f16c6b3, org.springframework.test.context.support.DirtiesContextTestExecutionListener@34158c08, org.springframework.test.context.transaction.TransactionalTestExecutionListener@19e4fcac, org.springframework.test.context.jdbc.SqlScriptsTestExecutionListener@52c3cb31, org.springframework.test.context.event.EventPublishingTestExecutionListener@4b79ac84, org.springframework.boot.test.mock.mockito.ResetMocksTestExecutionListener@53941c2f, org.springframework.boot.test.autoconfigure.restdocs.RestDocsTestExecutionListener@6dab9b6d, org.springframework.boot.test.autoconfigure.web.client.MockRestServiceServerResetTestExecutionListener@21fd5faa, org.springframework.boot.test.autoconfigure.web.servlet.MockMvcPrintOnlyOnFailureTestExecutionListener@2766ca9d, org.springframework.boot.test.autoconfigure.web.servlet.WebDriverTestExecutionListener@5460cf3a, org.springframework.boot.test.autoconfigure.webservices.client.MockWebServiceServerTestExecutionListener@65a15628]
2023-06-18 23:55:49.891 [main] INFO  com.lzq.demo.UserServiceTest - Starting UserServiceTest using Java 17.0.6 on lindeiMac.lan with PID 3206 (started by lin in /Users/lin/IdeaProjects/Java-Tutorial/Mybatis-Plus-demo)
2023-06-18 23:55:49.892 [main] INFO  com.lzq.demo.UserServiceTest - No active profile set, falling back to 1 default profile: "default"
2023-06-18 23:55:50.538 [main] INFO  o.s.c.s.PostProcessorRegistrationDelegate$BeanPostProcessorChecker - Bean 'spring.datasource.dynamic-com.baomidou.dynamic.datasource.spring.boot.autoconfigure.DynamicDataSourceProperties' of type [com.baomidou.dynamic.datasource.spring.boot.autoconfigure.DynamicDataSourceProperties] is not eligible for getting processed by all BeanPostProcessors (for example: not eligible for auto-proxying)
2023-06-18 23:55:50.544 [main] INFO  o.s.c.s.PostProcessorRegistrationDelegate$BeanPostProcessorChecker - Bean 'com.baomidou.dynamic.datasource.spring.boot.autoconfigure.DynamicDataSourceAutoConfiguration' of type [com.baomidou.dynamic.datasource.spring.boot.autoconfigure.DynamicDataSourceAutoConfiguration$$EnhancerBySpringCGLIB$$820ecb86] is not eligible for getting processed by all BeanPostProcessors (for example: not eligible for auto-proxying)
2023-06-18 23:55:50.560 [main] INFO  o.s.c.s.PostProcessorRegistrationDelegate$BeanPostProcessorChecker - Bean 'dsProcessor' of type [com.baomidou.dynamic.datasource.processor.DsHeaderProcessor] is not eligible for getting processed by all BeanPostProcessors (for example: not eligible for auto-proxying)
2023-06-18 23:55:51.062 [main] INFO  c.alibaba.druid.pool.DruidDataSource - {dataSource-1,master} inited
2023-06-18 23:55:51.062 [main] INFO  c.b.d.d.DynamicRoutingDataSource - dynamic-datasource - add a datasource named [master] success
2023-06-18 23:55:51.063 [main] INFO  c.b.d.d.DynamicRoutingDataSource - dynamic-datasource initial loaded [1] datasource,primary datasource named [master]
2023-06-18 23:55:51.901 [main] INFO  o.s.b.a.e.web.EndpointLinksResolver - Exposing 1 endpoint(s) beneath base path '/actuator'
2023-06-18 23:55:51.932 [main] INFO  com.lzq.demo.UserServiceTest - Started UserServiceTest in 2.207 seconds (JVM running for 2.753)
2023-06-18 23:55:52.151 [scheduling-1] ERROR druid.sql.Statement - {conn-10001, pstmt-20001} execute error. INSERT INTO tb_sign  ( id,
user_id )  VALUES  ( ?,
? )
java.sql.SQLException: Field 'year' doesn't have a default value
	at com.mysql.cj.jdbc.exceptions.SQLError.createSQLException(SQLError.java:129)
	at com.mysql.cj.jdbc.exceptions.SQLExceptionsMapping.translateException(SQLExceptionsMapping.java:122)
	at com.mysql.cj.jdbc.ClientPreparedStatement.executeInternal(ClientPreparedStatement.java:916)
	at com.mysql.cj.jdbc.ClientPreparedStatement.execute(ClientPreparedStatement.java:354)
	at com.alibaba.druid.filter.FilterChainImpl.preparedStatement_execute(FilterChainImpl.java:3461)
	at com.alibaba.druid.filter.FilterEventAdapter.preparedStatement_execute(FilterEventAdapter.java:440)
	at com.alibaba.druid.filter.FilterChainImpl.preparedStatement_execute(FilterChainImpl.java:3459)
	at com.alibaba.druid.wall.WallFilter.preparedStatement_execute(WallFilter.java:664)
	at com.alibaba.druid.filter.FilterChainImpl.preparedStatement_execute(FilterChainImpl.java:3459)
	at com.alibaba.druid.filter.FilterEventAdapter.preparedStatement_execute(FilterEventAdapter.java:440)
	at com.alibaba.druid.filter.FilterChainImpl.preparedStatement_execute(FilterChainImpl.java:3459)
	at com.alibaba.druid.proxy.jdbc.PreparedStatementProxyImpl.execute(PreparedStatementProxyImpl.java:167)
	at com.alibaba.druid.pool.DruidPooledPreparedStatement.execute(DruidPooledPreparedStatement.java:497)
	at org.apache.ibatis.executor.statement.PreparedStatementHandler.update(PreparedStatementHandler.java:47)
	at org.apache.ibatis.executor.statement.RoutingStatementHandler.update(RoutingStatementHandler.java:74)
	at org.apache.ibatis.executor.SimpleExecutor.doUpdate(SimpleExecutor.java:50)
	at org.apache.ibatis.executor.BaseExecutor.update(BaseExecutor.java:117)
	at org.apache.ibatis.executor.CachingExecutor.update(CachingExecutor.java:76)
	at java.base/jdk.internal.reflect.NativeMethodAccessorImpl.invoke0(Native Method)
	at java.base/jdk.internal.reflect.NativeMethodAccessorImpl.invoke(NativeMethodAccessorImpl.java:77)
	at java.base/jdk.internal.reflect.DelegatingMethodAccessorImpl.invoke(DelegatingMethodAccessorImpl.java:43)
	at java.base/java.lang.reflect.Method.invoke(Method.java:568)
	at org.apache.ibatis.plugin.Invocation.proceed(Invocation.java:49)
	at com.linkkou.mybatis.log.LogInterceptor.intercept(LogInterceptor.java:63)
	at org.apache.ibatis.plugin.Plugin.invoke(Plugin.java:62)
	at jdk.proxy2/jdk.proxy2.$Proxy136.update(Unknown Source)
	at org.apache.ibatis.session.defaults.DefaultSqlSession.update(DefaultSqlSession.java:194)
	at org.apache.ibatis.session.defaults.DefaultSqlSession.insert(DefaultSqlSession.java:181)
	at java.base/jdk.internal.reflect.NativeMethodAccessorImpl.invoke0(Native Method)
	at java.base/jdk.internal.reflect.NativeMethodAccessorImpl.invoke(NativeMethodAccessorImpl.java:77)
	at java.base/jdk.internal.reflect.DelegatingMethodAccessorImpl.invoke(DelegatingMethodAccessorImpl.java:43)
	at java.base/java.lang.reflect.Method.invoke(Method.java:568)
	at org.mybatis.spring.SqlSessionTemplate$SqlSessionInterceptor.invoke(SqlSessionTemplate.java:427)
	at jdk.proxy2/jdk.proxy2.$Proxy90.insert(Unknown Source)
	at org.mybatis.spring.SqlSessionTemplate.insert(SqlSessionTemplate.java:272)
	at com.baomidou.mybatisplus.core.override.MybatisMapperMethod.execute(MybatisMapperMethod.java:59)
	at com.baomidou.mybatisplus.core.override.MybatisMapperProxy$PlainMethodInvoker.invoke(MybatisMapperProxy.java:148)
	at com.baomidou.mybatisplus.core.override.MybatisMapperProxy.invoke(MybatisMapperProxy.java:89)
	at jdk.proxy2/jdk.proxy2.$Proxy93.insert(Unknown Source)
	at com.baomidou.mybatisplus.extension.service.IService.save(IService.java:63)
	at com.baomidou.mybatisplus.extension.service.IService$$FastClassBySpringCGLIB$$f8525d18.invoke(<generated>)
	at org.springframework.cglib.proxy.MethodProxy.invoke(MethodProxy.java:218)
	at org.springframework.aop.framework.CglibAopProxy$DynamicAdvisedInterceptor.intercept(CglibAopProxy.java:689)
	at com.lzq.demo.daoservice.impl.TbSignServiceImpl$$EnhancerBySpringCGLIB$$1ce5d2a8.save(<generated>)
	at com.lzq.demo.thread.test.test1(test.java:28)
	at java.base/jdk.internal.reflect.NativeMethodAccessorImpl.invoke0(Native Method)
	at java.base/jdk.internal.reflect.NativeMethodAccessorImpl.invoke(NativeMethodAccessorImpl.java:77)
	at java.base/jdk.internal.reflect.DelegatingMethodAccessorImpl.invoke(DelegatingMethodAccessorImpl.java:43)
	at java.base/java.lang.reflect.Method.invoke(Method.java:568)
	at org.springframework.scheduling.support.ScheduledMethodRunnable.run(ScheduledMethodRunnable.java:84)
	at org.springframework.scheduling.support.DelegatingErrorHandlingRunnable.run(DelegatingErrorHandlingRunnable.java:54)
	at org.springframework.scheduling.concurrent.ReschedulingRunnable.run(ReschedulingRunnable.java:95)
	at java.base/java.util.concurrent.Executors$RunnableAdapter.call(Executors.java:539)
	at java.base/java.util.concurrent.FutureTask.run(FutureTask.java:264)
	at java.base/java.util.concurrent.ScheduledThreadPoolExecutor$ScheduledFutureTask.run(ScheduledThreadPoolExecutor.java:304)
	at java.base/java.util.concurrent.ThreadPoolExecutor.runWorker(ThreadPoolExecutor.java:1136)
	at java.base/java.util.concurrent.ThreadPoolExecutor$Worker.run(ThreadPoolExecutor.java:635)
	at java.base/java.lang.Thread.run(Thread.java:833)
2023-06-18 23:55:52.152 [scheduling-1] DEBUG c.a.druid.pool.PreparedStatementPool - {conn-10001, pstmt-20001} exit cache
2023-06-18 23:55:52.278 [scheduling-1] ERROR o.s.s.s.TaskUtils$LoggingErrorHandler - Unexpected error occurred in scheduled task
org.springframework.dao.DataIntegrityViolationException: 
### Error updating database.  Cause: java.sql.SQLException: Field 'year' doesn't have a default value
### The error may exist in com/lzq/demo/mapper/TbSignMapper.java (best guess)
### The error may involve com.lzq.demo.mapper.TbSignMapper.insert-Inline
### The error occurred while setting parameters
### SQL: INSERT INTO tb_sign  ( id, user_id )  VALUES  ( ?, ? )
### Cause: java.sql.SQLException: Field 'year' doesn't have a default value
; Field 'year' doesn't have a default value; nested exception is java.sql.SQLException: Field 'year' doesn't have a default value
	at org.springframework.jdbc.support.SQLErrorCodeSQLExceptionTranslator.doTranslate(SQLErrorCodeSQLExceptionTranslator.java:251)
	at org.springframework.jdbc.support.AbstractFallbackSQLExceptionTranslator.translate(AbstractFallbackSQLExceptionTranslator.java:70)
	at org.mybatis.spring.MyBatisExceptionTranslator.translateExceptionIfPossible(MyBatisExceptionTranslator.java:91)
	at org.mybatis.spring.SqlSessionTemplate$SqlSessionInterceptor.invoke(SqlSessionTemplate.java:441)
	at jdk.proxy2/jdk.proxy2.$Proxy90.insert(Unknown Source)
	at org.mybatis.spring.SqlSessionTemplate.insert(SqlSessionTemplate.java:272)
	at com.baomidou.mybatisplus.core.override.MybatisMapperMethod.execute(MybatisMapperMethod.java:59)
	at com.baomidou.mybatisplus.core.override.MybatisMapperProxy$PlainMethodInvoker.invoke(MybatisMapperProxy.java:148)
	at com.baomidou.mybatisplus.core.override.MybatisMapperProxy.invoke(MybatisMapperProxy.java:89)
	at jdk.proxy2/jdk.proxy2.$Proxy93.insert(Unknown Source)
	at com.baomidou.mybatisplus.extension.service.IService.save(IService.java:63)
	at com.baomidou.mybatisplus.extension.service.IService$$FastClassBySpringCGLIB$$f8525d18.invoke(<generated>)
	at org.springframework.cglib.proxy.MethodProxy.invoke(MethodProxy.java:218)
	at org.springframework.aop.framework.CglibAopProxy$DynamicAdvisedInterceptor.intercept(CglibAopProxy.java:689)
	at com.lzq.demo.daoservice.impl.TbSignServiceImpl$$EnhancerBySpringCGLIB$$1ce5d2a8.save(<generated>)
	at com.lzq.demo.thread.test.test1(test.java:28)
	at java.base/jdk.internal.reflect.NativeMethodAccessorImpl.invoke0(Native Method)
	at java.base/jdk.internal.reflect.NativeMethodAccessorImpl.invoke(NativeMethodAccessorImpl.java:77)
	at java.base/jdk.internal.reflect.DelegatingMethodAccessorImpl.invoke(DelegatingMethodAccessorImpl.java:43)
	at java.base/java.lang.reflect.Method.invoke(Method.java:568)
	at org.springframework.scheduling.support.ScheduledMethodRunnable.run(ScheduledMethodRunnable.java:84)
	at org.springframework.scheduling.support.DelegatingErrorHandlingRunnable.run(DelegatingErrorHandlingRunnable.java:54)
	at org.springframework.scheduling.concurrent.ReschedulingRunnable.run(ReschedulingRunnable.java:95)
	at java.base/java.util.concurrent.Executors$RunnableAdapter.call(Executors.java:539)
	at java.base/java.util.concurrent.FutureTask.run(FutureTask.java:264)
	at java.base/java.util.concurrent.ScheduledThreadPoolExecutor$ScheduledFutureTask.run(ScheduledThreadPoolExecutor.java:304)
	at java.base/java.util.concurrent.ThreadPoolExecutor.runWorker(ThreadPoolExecutor.java:1136)
	at java.base/java.util.concurrent.ThreadPoolExecutor$Worker.run(ThreadPoolExecutor.java:635)
	at java.base/java.lang.Thread.run(Thread.java:833)
Caused by: java.sql.SQLException: Field 'year' doesn't have a default value
	at com.mysql.cj.jdbc.exceptions.SQLError.createSQLException(SQLError.java:129)
	at com.mysql.cj.jdbc.exceptions.SQLExceptionsMapping.translateException(SQLExceptionsMapping.java:122)
	at com.mysql.cj.jdbc.ClientPreparedStatement.executeInternal(ClientPreparedStatement.java:916)
	at com.mysql.cj.jdbc.ClientPreparedStatement.execute(ClientPreparedStatement.java:354)
	at com.alibaba.druid.filter.FilterChainImpl.preparedStatement_execute(FilterChainImpl.java:3461)
	at com.alibaba.druid.filter.FilterEventAdapter.preparedStatement_execute(FilterEventAdapter.java:440)
	at com.alibaba.druid.filter.FilterChainImpl.preparedStatement_execute(FilterChainImpl.java:3459)
	at com.alibaba.druid.wall.WallFilter.preparedStatement_execute(WallFilter.java:664)
	at com.alibaba.druid.filter.FilterChainImpl.preparedStatement_execute(FilterChainImpl.java:3459)
	at com.alibaba.druid.filter.FilterEventAdapter.preparedStatement_execute(FilterEventAdapter.java:440)
	at com.alibaba.druid.filter.FilterChainImpl.preparedStatement_execute(FilterChainImpl.java:3459)
	at com.alibaba.druid.proxy.jdbc.PreparedStatementProxyImpl.execute(PreparedStatementProxyImpl.java:167)
	at com.alibaba.druid.pool.DruidPooledPreparedStatement.execute(DruidPooledPreparedStatement.java:497)
	at org.apache.ibatis.executor.statement.PreparedStatementHandler.update(PreparedStatementHandler.java:47)
	at org.apache.ibatis.executor.statement.RoutingStatementHandler.update(RoutingStatementHandler.java:74)
	at org.apache.ibatis.executor.SimpleExecutor.doUpdate(SimpleExecutor.java:50)
	at org.apache.ibatis.executor.BaseExecutor.update(BaseExecutor.java:117)
	at org.apache.ibatis.executor.CachingExecutor.update(CachingExecutor.java:76)
	at java.base/jdk.internal.reflect.NativeMethodAccessorImpl.invoke0(Native Method)
	at java.base/jdk.internal.reflect.NativeMethodAccessorImpl.invoke(NativeMethodAccessorImpl.java:77)
	at java.base/jdk.internal.reflect.DelegatingMethodAccessorImpl.invoke(DelegatingMethodAccessorImpl.java:43)
	at java.base/java.lang.reflect.Method.invoke(Method.java:568)
	at org.apache.ibatis.plugin.Invocation.proceed(Invocation.java:49)
	at com.linkkou.mybatis.log.LogInterceptor.intercept(LogInterceptor.java:63)
	at org.apache.ibatis.plugin.Plugin.invoke(Plugin.java:62)
	at jdk.proxy2/jdk.proxy2.$Proxy136.update(Unknown Source)
	at org.apache.ibatis.session.defaults.DefaultSqlSession.update(DefaultSqlSession.java:194)
	at org.apache.ibatis.session.defaults.DefaultSqlSession.insert(DefaultSqlSession.java:181)
	at java.base/jdk.internal.reflect.NativeMethodAccessorImpl.invoke0(Native Method)
	at java.base/jdk.internal.reflect.NativeMethodAccessorImpl.invoke(NativeMethodAccessorImpl.java:77)
	at java.base/jdk.internal.reflect.DelegatingMethodAccessorImpl.invoke(DelegatingMethodAccessorImpl.java:43)
	at java.base/java.lang.reflect.Method.invoke(Method.java:568)
	at org.mybatis.spring.SqlSessionTemplate$SqlSessionInterceptor.invoke(SqlSessionTemplate.java:427)
	... 25 common frames omitted
2023-06-18 23:55:52.362 [main] DEBUG c.a.druid.pool.PreparedStatementPool - {conn-10001, pstmt-20002} enter cache
2023-06-18 23:55:52.423 [SpringApplicationShutdownHook] INFO  c.b.d.d.DynamicRoutingDataSource - dynamic-datasource start closing ....
2023-06-18 23:55:52.425 [SpringApplicationShutdownHook] INFO  c.alibaba.druid.pool.DruidDataSource - {dataSource-1} closing ...
2023-06-18 23:55:52.427 [SpringApplicationShutdownHook] DEBUG c.a.druid.pool.PreparedStatementPool - {conn-10001, pstmt-20002} exit cache
2023-06-18 23:55:52.428 [SpringApplicationShutdownHook] INFO  c.alibaba.druid.pool.DruidDataSource - {dataSource-1} closed
2023-06-18 23:55:52.428 [SpringApplicationShutdownHook] INFO  c.b.d.d.DynamicRoutingDataSource - dynamic-datasource all closed success,bye
2023-06-18 23:56:38.269 [main] INFO  o.s.b.t.c.SpringBootTestContextBootstrapper - Neither @ContextConfiguration nor @ContextHierarchy found for test class [com.lzq.demo.UserServiceTest], using SpringBootContextLoader
2023-06-18 23:56:38.271 [main] INFO  o.s.t.c.s.AbstractContextLoader - Could not detect default resource locations for test class [com.lzq.demo.UserServiceTest]: no resource found for suffixes {-context.xml, Context.groovy}.
2023-06-18 23:56:38.272 [main] INFO  o.s.t.c.s.AnnotationConfigContextLoaderUtils - Could not detect default configuration classes for test class [com.lzq.demo.UserServiceTest]: UserServiceTest does not declare any static, non-private, non-final, nested classes annotated with @Configuration.
2023-06-18 23:56:38.328 [main] INFO  o.s.b.t.c.SpringBootTestContextBootstrapper - Found @SpringBootConfiguration com.lzq.demo.DemoApplication for test class com.lzq.demo.UserServiceTest
2023-06-18 23:56:38.373 [main] INFO  o.s.b.t.c.SpringBootTestContextBootstrapper - Loaded default TestExecutionListener class names from location [META-INF/spring.factories]: [org.springframework.boot.test.mock.mockito.MockitoTestExecutionListener, org.springframework.boot.test.mock.mockito.ResetMocksTestExecutionListener, org.springframework.boot.test.autoconfigure.restdocs.RestDocsTestExecutionListener, org.springframework.boot.test.autoconfigure.web.client.MockRestServiceServerResetTestExecutionListener, org.springframework.boot.test.autoconfigure.web.servlet.MockMvcPrintOnlyOnFailureTestExecutionListener, org.springframework.boot.test.autoconfigure.web.servlet.WebDriverTestExecutionListener, org.springframework.boot.test.autoconfigure.webservices.client.MockWebServiceServerTestExecutionListener, org.springframework.test.context.web.ServletTestExecutionListener, org.springframework.test.context.support.DirtiesContextBeforeModesTestExecutionListener, org.springframework.test.context.event.ApplicationEventsTestExecutionListener, org.springframework.test.context.support.DependencyInjectionTestExecutionListener, org.springframework.test.context.support.DirtiesContextTestExecutionListener, org.springframework.test.context.transaction.TransactionalTestExecutionListener, org.springframework.test.context.jdbc.SqlScriptsTestExecutionListener, org.springframework.test.context.event.EventPublishingTestExecutionListener]
2023-06-18 23:56:38.379 [main] INFO  o.s.b.t.c.SpringBootTestContextBootstrapper - Using TestExecutionListeners: [org.springframework.test.context.web.ServletTestExecutionListener@55493582, org.springframework.test.context.support.DirtiesContextBeforeModesTestExecutionListener@1a20270e, org.springframework.test.context.event.ApplicationEventsTestExecutionListener@6b88ca8c, org.springframework.boot.test.mock.mockito.MockitoTestExecutionListener@336f1079, org.springframework.boot.test.autoconfigure.SpringBootDependencyInjectionTestExecutionListener@2f16c6b3, org.springframework.test.context.support.DirtiesContextTestExecutionListener@34158c08, org.springframework.test.context.transaction.TransactionalTestExecutionListener@19e4fcac, org.springframework.test.context.jdbc.SqlScriptsTestExecutionListener@52c3cb31, org.springframework.test.context.event.EventPublishingTestExecutionListener@4b79ac84, org.springframework.boot.test.mock.mockito.ResetMocksTestExecutionListener@53941c2f, org.springframework.boot.test.autoconfigure.restdocs.RestDocsTestExecutionListener@6dab9b6d, org.springframework.boot.test.autoconfigure.web.client.MockRestServiceServerResetTestExecutionListener@21fd5faa, org.springframework.boot.test.autoconfigure.web.servlet.MockMvcPrintOnlyOnFailureTestExecutionListener@2766ca9d, org.springframework.boot.test.autoconfigure.web.servlet.WebDriverTestExecutionListener@5460cf3a, org.springframework.boot.test.autoconfigure.webservices.client.MockWebServiceServerTestExecutionListener@65a15628]
2023-06-18 23:56:38.560 [main] INFO  com.lzq.demo.UserServiceTest - Starting UserServiceTest using Java 17.0.6 on lindeiMac.lan with PID 3215 (started by lin in /Users/lin/IdeaProjects/Java-Tutorial/Mybatis-Plus-demo)
2023-06-18 23:56:38.560 [main] INFO  com.lzq.demo.UserServiceTest - No active profile set, falling back to 1 default profile: "default"
2023-06-18 23:56:39.191 [main] INFO  o.s.c.s.PostProcessorRegistrationDelegate$BeanPostProcessorChecker - Bean 'spring.datasource.dynamic-com.baomidou.dynamic.datasource.spring.boot.autoconfigure.DynamicDataSourceProperties' of type [com.baomidou.dynamic.datasource.spring.boot.autoconfigure.DynamicDataSourceProperties] is not eligible for getting processed by all BeanPostProcessors (for example: not eligible for auto-proxying)
2023-06-18 23:56:39.195 [main] INFO  o.s.c.s.PostProcessorRegistrationDelegate$BeanPostProcessorChecker - Bean 'com.baomidou.dynamic.datasource.spring.boot.autoconfigure.DynamicDataSourceAutoConfiguration' of type [com.baomidou.dynamic.datasource.spring.boot.autoconfigure.DynamicDataSourceAutoConfiguration$$EnhancerBySpringCGLIB$$9f04ee67] is not eligible for getting processed by all BeanPostProcessors (for example: not eligible for auto-proxying)
2023-06-18 23:56:39.210 [main] INFO  o.s.c.s.PostProcessorRegistrationDelegate$BeanPostProcessorChecker - Bean 'dsProcessor' of type [com.baomidou.dynamic.datasource.processor.DsHeaderProcessor] is not eligible for getting processed by all BeanPostProcessors (for example: not eligible for auto-proxying)
2023-06-18 23:56:40.088 [main] INFO  c.alibaba.druid.pool.DruidDataSource - {dataSource-1,master} inited
2023-06-18 23:56:40.088 [main] INFO  c.b.d.d.DynamicRoutingDataSource - dynamic-datasource - add a datasource named [master] success
2023-06-18 23:56:40.089 [main] INFO  c.b.d.d.DynamicRoutingDataSource - dynamic-datasource initial loaded [1] datasource,primary datasource named [master]
2023-06-18 23:56:40.900 [main] INFO  o.s.b.a.e.web.EndpointLinksResolver - Exposing 1 endpoint(s) beneath base path '/actuator'
2023-06-18 23:56:40.934 [main] INFO  com.lzq.demo.UserServiceTest - Started UserServiceTest in 2.533 seconds (JVM running for 3.008)
2023-06-18 23:56:41.735 [main] DEBUG c.a.druid.pool.PreparedStatementPool - {conn-10001, pstmt-20001} enter cache
2023-06-18 23:56:41.773 [SpringApplicationShutdownHook] INFO  c.b.d.d.DynamicRoutingDataSource - dynamic-datasource start closing ....
2023-06-18 23:56:41.774 [SpringApplicationShutdownHook] INFO  c.alibaba.druid.pool.DruidDataSource - {dataSource-1} closing ...
2023-06-18 23:56:41.774 [SpringApplicationShutdownHook] DEBUG c.a.druid.pool.PreparedStatementPool - {conn-10001, pstmt-20001} exit cache
2023-06-18 23:56:41.778 [SpringApplicationShutdownHook] INFO  c.alibaba.druid.pool.DruidDataSource - {dataSource-1} closed
2023-06-18 23:56:41.778 [SpringApplicationShutdownHook] INFO  c.b.d.d.DynamicRoutingDataSource - dynamic-datasource all closed success,bye
