2023-05-27 01:03:59.209 [main] INFO  com.lzq.demo.Application - Starting Application using Java 17.0.6 on lindeiMac.lan with PID 1876 (/Users/lin/IdeaProjects/Java-Tutorial/Mybatis-Plus-demo/target/classes started by lin in /Users/lin/IdeaProjects/Java-Tutorial)
2023-05-27 01:03:59.212 [main] INFO  com.lzq.demo.Application - No active profile set, falling back to 1 default profile: "default"
2023-05-27 01:03:59.773 [main] WARN  io.undertow.websockets.jsr - UT026010: Buffer pool was not set on WebSocketDeploymentInfo, the default pool will be used
2023-05-27 01:03:59.784 [main] INFO  io.undertow.servlet - Initializing Spring embedded WebApplicationContext
2023-05-27 01:03:59.784 [main] INFO  o.s.b.w.s.c.ServletWebServerApplicationContext - Root WebApplicationContext: initialization completed in 551 ms
2023-05-27 01:03:59.904 [main] INFO  c.a.d.s.b.a.DruidDataSourceAutoConfigure - Init DruidDataSource
2023-05-27 01:03:59.948 [main] ERROR c.alibaba.druid.filter.FilterManager - load filter error, filter not found : logback
2023-05-27 01:04:00.427 [main] INFO  c.alibaba.druid.pool.DruidDataSource - {dataSource-1} inited
2023-05-27 01:04:00.457 [main] WARN  o.s.b.w.s.c.AnnotationConfigServletWebServerApplicationContext - Exception encountered during context initialization - cancelling refresh attempt: org.springframework.beans.factory.UnsatisfiedDependencyException: Error creating bean with name 'test': Unsatisfied dependency expressed through field 'mapper'; nested exception is org.springframework.beans.factory.UnsatisfiedDependencyException: Error creating bean with name 'plReleaseRangeMapper' defined in file [/Users/lin/IdeaProjects/Java-Tutorial/Mybatis-Plus-demo/target/classes/com/lzq/demo/mapper/PlReleaseRangeMapper.class]: Unsatisfied dependency expressed through bean property 'sqlSessionFactory'; nested exception is org.springframework.beans.factory.BeanCreationException: Error creating bean with name 'sqlSessionFactory' defined in class path resource [com/baomidou/mybatisplus/autoconfigure/MybatisPlusAutoConfiguration.class]: Bean instantiation via factory method failed; nested exception is org.springframework.beans.BeanInstantiationException: Failed to instantiate [org.apache.ibatis.session.SqlSessionFactory]: Factory method 'sqlSessionFactory' threw exception; nested exception is org.springframework.core.NestedIOException: Failed to parse mapping resource: 'file [/Users/lin/IdeaProjects/Java-Tutorial/Mybatis-Plus-demo/target/classes/mapper/AddressesMapper.xml]'; nested exception is org.apache.ibatis.builder.BuilderException: Error parsing Mapper XML. The XML location is 'file [/Users/lin/IdeaProjects/Java-Tutorial/Mybatis-Plus-demo/target/classes/mapper/AddressesMapper.xml]'. Cause: org.apache.ibatis.builder.BuilderException: Error resolving class. Cause: org.apache.ibatis.type.TypeException: Could not resolve type alias 'com.lzq.demo.domain.Addresses'.  Cause: java.lang.ClassNotFoundException: Cannot find class: com.lzq.demo.domain.Addresses
2023-05-27 01:04:00.457 [main] INFO  c.alibaba.druid.pool.DruidDataSource - {dataSource-1} closing ...
2023-05-27 01:04:00.461 [main] INFO  c.alibaba.druid.pool.DruidDataSource - {dataSource-1} closed
2023-05-27 01:04:00.468 [main] INFO  o.s.b.a.l.ConditionEvaluationReportLoggingListener - 

Error starting ApplicationContext. To display the conditions report re-run your application with 'debug' enabled.
2023-05-27 01:04:00.476 [main] ERROR o.s.boot.SpringApplication - Application run failed
org.springframework.beans.factory.UnsatisfiedDependencyException: Error creating bean with name 'test': Unsatisfied dependency expressed through field 'mapper'; nested exception is org.springframework.beans.factory.UnsatisfiedDependencyException: Error creating bean with name 'plReleaseRangeMapper' defined in file [/Users/lin/IdeaProjects/Java-Tutorial/Mybatis-Plus-demo/target/classes/com/lzq/demo/mapper/PlReleaseRangeMapper.class]: Unsatisfied dependency expressed through bean property 'sqlSessionFactory'; nested exception is org.springframework.beans.factory.BeanCreationException: Error creating bean with name 'sqlSessionFactory' defined in class path resource [com/baomidou/mybatisplus/autoconfigure/MybatisPlusAutoConfiguration.class]: Bean instantiation via factory method failed; nested exception is org.springframework.beans.BeanInstantiationException: Failed to instantiate [org.apache.ibatis.session.SqlSessionFactory]: Factory method 'sqlSessionFactory' threw exception; nested exception is org.springframework.core.NestedIOException: Failed to parse mapping resource: 'file [/Users/lin/IdeaProjects/Java-Tutorial/Mybatis-Plus-demo/target/classes/mapper/AddressesMapper.xml]'; nested exception is org.apache.ibatis.builder.BuilderException: Error parsing Mapper XML. The XML location is 'file [/Users/lin/IdeaProjects/Java-Tutorial/Mybatis-Plus-demo/target/classes/mapper/AddressesMapper.xml]'. Cause: org.apache.ibatis.builder.BuilderException: Error resolving class. Cause: org.apache.ibatis.type.TypeException: Could not resolve type alias 'com.lzq.demo.domain.Addresses'.  Cause: java.lang.ClassNotFoundException: Cannot find class: com.lzq.demo.domain.Addresses
	at org.springframework.beans.factory.annotation.AutowiredAnnotationBeanPostProcessor$AutowiredFieldElement.resolveFieldValue(AutowiredAnnotationBeanPostProcessor.java:659)
	at org.springframework.beans.factory.annotation.AutowiredAnnotationBeanPostProcessor$AutowiredFieldElement.inject(AutowiredAnnotationBeanPostProcessor.java:639)
	at org.springframework.beans.factory.annotation.InjectionMetadata.inject(InjectionMetadata.java:119)
	at org.springframework.beans.factory.annotation.AutowiredAnnotationBeanPostProcessor.postProcessProperties(AutowiredAnnotationBeanPostProcessor.java:399)
	at org.springframework.beans.factory.support.AbstractAutowireCapableBeanFactory.populateBean(AbstractAutowireCapableBeanFactory.java:1431)
	at org.springframework.beans.factory.support.AbstractAutowireCapableBeanFactory.doCreateBean(AbstractAutowireCapableBeanFactory.java:619)
	at org.springframework.beans.factory.support.AbstractAutowireCapableBeanFactory.createBean(AbstractAutowireCapableBeanFactory.java:542)
	at org.springframework.beans.factory.support.AbstractBeanFactory.lambda$doGetBean$0(AbstractBeanFactory.java:335)
	at org.springframework.beans.factory.support.DefaultSingletonBeanRegistry.getSingleton(DefaultSingletonBeanRegistry.java:234)
	at org.springframework.beans.factory.support.AbstractBeanFactory.doGetBean(AbstractBeanFactory.java:333)
	at org.springframework.beans.factory.support.AbstractBeanFactory.getBean(AbstractBeanFactory.java:208)
	at org.springframework.beans.factory.support.DefaultListableBeanFactory.preInstantiateSingletons(DefaultListableBeanFactory.java:953)
	at org.springframework.context.support.AbstractApplicationContext.finishBeanFactoryInitialization(AbstractApplicationContext.java:918)
	at org.springframework.context.support.AbstractApplicationContext.refresh(AbstractApplicationContext.java:583)
	at org.springframework.boot.web.servlet.context.ServletWebServerApplicationContext.refresh(ServletWebServerApplicationContext.java:145)
	at org.springframework.boot.SpringApplication.refresh(SpringApplication.java:740)
	at org.springframework.boot.SpringApplication.refreshContext(SpringApplication.java:415)
	at org.springframework.boot.SpringApplication.run(SpringApplication.java:303)
	at org.springframework.boot.SpringApplication.run(SpringApplication.java:1312)
	at org.springframework.boot.SpringApplication.run(SpringApplication.java:1301)
	at com.lzq.demo.Application.main(Application.java:12)
Caused by: org.springframework.beans.factory.UnsatisfiedDependencyException: Error creating bean with name 'plReleaseRangeMapper' defined in file [/Users/lin/IdeaProjects/Java-Tutorial/Mybatis-Plus-demo/target/classes/com/lzq/demo/mapper/PlReleaseRangeMapper.class]: Unsatisfied dependency expressed through bean property 'sqlSessionFactory'; nested exception is org.springframework.beans.factory.BeanCreationException: Error creating bean with name 'sqlSessionFactory' defined in class path resource [com/baomidou/mybatisplus/autoconfigure/MybatisPlusAutoConfiguration.class]: Bean instantiation via factory method failed; nested exception is org.springframework.beans.BeanInstantiationException: Failed to instantiate [org.apache.ibatis.session.SqlSessionFactory]: Factory method 'sqlSessionFactory' threw exception; nested exception is org.springframework.core.NestedIOException: Failed to parse mapping resource: 'file [/Users/lin/IdeaProjects/Java-Tutorial/Mybatis-Plus-demo/target/classes/mapper/AddressesMapper.xml]'; nested exception is org.apache.ibatis.builder.BuilderException: Error parsing Mapper XML. The XML location is 'file [/Users/lin/IdeaProjects/Java-Tutorial/Mybatis-Plus-demo/target/classes/mapper/AddressesMapper.xml]'. Cause: org.apache.ibatis.builder.BuilderException: Error resolving class. Cause: org.apache.ibatis.type.TypeException: Could not resolve type alias 'com.lzq.demo.domain.Addresses'.  Cause: java.lang.ClassNotFoundException: Cannot find class: com.lzq.demo.domain.Addresses
	at org.springframework.beans.factory.support.AbstractAutowireCapableBeanFactory.autowireByType(AbstractAutowireCapableBeanFactory.java:1534)
	at org.springframework.beans.factory.support.AbstractAutowireCapableBeanFactory.populateBean(AbstractAutowireCapableBeanFactory.java:1417)
	at org.springframework.beans.factory.support.AbstractAutowireCapableBeanFactory.doCreateBean(AbstractAutowireCapableBeanFactory.java:619)
	at org.springframework.beans.factory.support.AbstractAutowireCapableBeanFactory.createBean(AbstractAutowireCapableBeanFactory.java:542)
	at org.springframework.beans.factory.support.AbstractBeanFactory.lambda$doGetBean$0(AbstractBeanFactory.java:335)
	at org.springframework.beans.factory.support.DefaultSingletonBeanRegistry.getSingleton(DefaultSingletonBeanRegistry.java:234)
	at org.springframework.beans.factory.support.AbstractBeanFactory.doGetBean(AbstractBeanFactory.java:333)
	at org.springframework.beans.factory.support.AbstractBeanFactory.getBean(AbstractBeanFactory.java:208)
	at org.springframework.beans.factory.config.DependencyDescriptor.resolveCandidate(DependencyDescriptor.java:276)
	at org.springframework.beans.factory.support.DefaultListableBeanFactory.doResolveDependency(DefaultListableBeanFactory.java:1389)
	at org.springframework.beans.factory.support.DefaultListableBeanFactory.resolveDependency(DefaultListableBeanFactory.java:1309)
	at org.springframework.beans.factory.annotation.AutowiredAnnotationBeanPostProcessor$AutowiredFieldElement.resolveFieldValue(AutowiredAnnotationBeanPostProcessor.java:656)
	... 20 common frames omitted
Caused by: org.springframework.beans.factory.BeanCreationException: Error creating bean with name 'sqlSessionFactory' defined in class path resource [com/baomidou/mybatisplus/autoconfigure/MybatisPlusAutoConfiguration.class]: Bean instantiation via factory method failed; nested exception is org.springframework.beans.BeanInstantiationException: Failed to instantiate [org.apache.ibatis.session.SqlSessionFactory]: Factory method 'sqlSessionFactory' threw exception; nested exception is org.springframework.core.NestedIOException: Failed to parse mapping resource: 'file [/Users/lin/IdeaProjects/Java-Tutorial/Mybatis-Plus-demo/target/classes/mapper/AddressesMapper.xml]'; nested exception is org.apache.ibatis.builder.BuilderException: Error parsing Mapper XML. The XML location is 'file [/Users/lin/IdeaProjects/Java-Tutorial/Mybatis-Plus-demo/target/classes/mapper/AddressesMapper.xml]'. Cause: org.apache.ibatis.builder.BuilderException: Error resolving class. Cause: org.apache.ibatis.type.TypeException: Could not resolve type alias 'com.lzq.demo.domain.Addresses'.  Cause: java.lang.ClassNotFoundException: Cannot find class: com.lzq.demo.domain.Addresses
	at org.springframework.beans.factory.support.ConstructorResolver.instantiate(ConstructorResolver.java:658)
	at org.springframework.beans.factory.support.ConstructorResolver.instantiateUsingFactoryMethod(ConstructorResolver.java:638)
	at org.springframework.beans.factory.support.AbstractAutowireCapableBeanFactory.instantiateUsingFactoryMethod(AbstractAutowireCapableBeanFactory.java:1352)
	at org.springframework.beans.factory.support.AbstractAutowireCapableBeanFactory.createBeanInstance(AbstractAutowireCapableBeanFactory.java:1195)
	at org.springframework.beans.factory.support.AbstractAutowireCapableBeanFactory.doCreateBean(AbstractAutowireCapableBeanFactory.java:582)
	at org.springframework.beans.factory.support.AbstractAutowireCapableBeanFactory.createBean(AbstractAutowireCapableBeanFactory.java:542)
	at org.springframework.beans.factory.support.AbstractBeanFactory.lambda$doGetBean$0(AbstractBeanFactory.java:335)
	at org.springframework.beans.factory.support.DefaultSingletonBeanRegistry.getSingleton(DefaultSingletonBeanRegistry.java:234)
	at org.springframework.beans.factory.support.AbstractBeanFactory.doGetBean(AbstractBeanFactory.java:333)
	at org.springframework.beans.factory.support.AbstractBeanFactory.getBean(AbstractBeanFactory.java:208)
	at org.springframework.beans.factory.config.DependencyDescriptor.resolveCandidate(DependencyDescriptor.java:276)
	at org.springframework.beans.factory.support.DefaultListableBeanFactory.doResolveDependency(DefaultListableBeanFactory.java:1389)
	at org.springframework.beans.factory.support.DefaultListableBeanFactory.resolveDependency(DefaultListableBeanFactory.java:1309)
	at org.springframework.beans.factory.support.AbstractAutowireCapableBeanFactory.autowireByType(AbstractAutowireCapableBeanFactory.java:1519)
	... 31 common frames omitted
Caused by: org.springframework.beans.BeanInstantiationException: Failed to instantiate [org.apache.ibatis.session.SqlSessionFactory]: Factory method 'sqlSessionFactory' threw exception; nested exception is org.springframework.core.NestedIOException: Failed to parse mapping resource: 'file [/Users/lin/IdeaProjects/Java-Tutorial/Mybatis-Plus-demo/target/classes/mapper/AddressesMapper.xml]'; nested exception is org.apache.ibatis.builder.BuilderException: Error parsing Mapper XML. The XML location is 'file [/Users/lin/IdeaProjects/Java-Tutorial/Mybatis-Plus-demo/target/classes/mapper/AddressesMapper.xml]'. Cause: org.apache.ibatis.builder.BuilderException: Error resolving class. Cause: org.apache.ibatis.type.TypeException: Could not resolve type alias 'com.lzq.demo.domain.Addresses'.  Cause: java.lang.ClassNotFoundException: Cannot find class: com.lzq.demo.domain.Addresses
	at org.springframework.beans.factory.support.SimpleInstantiationStrategy.instantiate(SimpleInstantiationStrategy.java:185)
	at org.springframework.beans.factory.support.ConstructorResolver.instantiate(ConstructorResolver.java:653)
	... 44 common frames omitted
Caused by: org.springframework.core.NestedIOException: Failed to parse mapping resource: 'file [/Users/lin/IdeaProjects/Java-Tutorial/Mybatis-Plus-demo/target/classes/mapper/AddressesMapper.xml]'; nested exception is org.apache.ibatis.builder.BuilderException: Error parsing Mapper XML. The XML location is 'file [/Users/lin/IdeaProjects/Java-Tutorial/Mybatis-Plus-demo/target/classes/mapper/AddressesMapper.xml]'. Cause: org.apache.ibatis.builder.BuilderException: Error resolving class. Cause: org.apache.ibatis.type.TypeException: Could not resolve type alias 'com.lzq.demo.domain.Addresses'.  Cause: java.lang.ClassNotFoundException: Cannot find class: com.lzq.demo.domain.Addresses
	at com.baomidou.mybatisplus.extension.spring.MybatisSqlSessionFactoryBean.buildSqlSessionFactory(MybatisSqlSessionFactoryBean.java:576)
	at com.baomidou.mybatisplus.extension.spring.MybatisSqlSessionFactoryBean.afterPropertiesSet(MybatisSqlSessionFactoryBean.java:445)
	at com.baomidou.mybatisplus.extension.spring.MybatisSqlSessionFactoryBean.getObject(MybatisSqlSessionFactoryBean.java:609)
	at com.baomidou.mybatisplus.autoconfigure.MybatisPlusAutoConfiguration.sqlSessionFactory(MybatisPlusAutoConfiguration.java:218)
	at java.base/jdk.internal.reflect.NativeMethodAccessorImpl.invoke0(Native Method)
	at java.base/jdk.internal.reflect.NativeMethodAccessorImpl.invoke(NativeMethodAccessorImpl.java:77)
	at java.base/jdk.internal.reflect.DelegatingMethodAccessorImpl.invoke(DelegatingMethodAccessorImpl.java:43)
	at java.base/java.lang.reflect.Method.invoke(Method.java:568)
	at org.springframework.beans.factory.support.SimpleInstantiationStrategy.instantiate(SimpleInstantiationStrategy.java:154)
	... 45 common frames omitted
Caused by: org.apache.ibatis.builder.BuilderException: Error parsing Mapper XML. The XML location is 'file [/Users/lin/IdeaProjects/Java-Tutorial/Mybatis-Plus-demo/target/classes/mapper/AddressesMapper.xml]'. Cause: org.apache.ibatis.builder.BuilderException: Error resolving class. Cause: org.apache.ibatis.type.TypeException: Could not resolve type alias 'com.lzq.demo.domain.Addresses'.  Cause: java.lang.ClassNotFoundException: Cannot find class: com.lzq.demo.domain.Addresses
	at org.apache.ibatis.builder.xml.XMLMapperBuilder.configurationElement(XMLMapperBuilder.java:123)
	at org.apache.ibatis.builder.xml.XMLMapperBuilder.parse(XMLMapperBuilder.java:95)
	at com.baomidou.mybatisplus.extension.spring.MybatisSqlSessionFactoryBean.buildSqlSessionFactory(MybatisSqlSessionFactoryBean.java:574)
	... 53 common frames omitted
Caused by: org.apache.ibatis.builder.BuilderException: Error resolving class. Cause: org.apache.ibatis.type.TypeException: Could not resolve type alias 'com.lzq.demo.domain.Addresses'.  Cause: java.lang.ClassNotFoundException: Cannot find class: com.lzq.demo.domain.Addresses
	at org.apache.ibatis.builder.BaseBuilder.resolveClass(BaseBuilder.java:118)
	at org.apache.ibatis.builder.xml.XMLMapperBuilder.resultMapElement(XMLMapperBuilder.java:263)
	at org.apache.ibatis.builder.xml.XMLMapperBuilder.resultMapElement(XMLMapperBuilder.java:254)
	at org.apache.ibatis.builder.xml.XMLMapperBuilder.resultMapElements(XMLMapperBuilder.java:246)
	at org.apache.ibatis.builder.xml.XMLMapperBuilder.configurationElement(XMLMapperBuilder.java:119)
	... 55 common frames omitted
Caused by: org.apache.ibatis.type.TypeException: Could not resolve type alias 'com.lzq.demo.domain.Addresses'.  Cause: java.lang.ClassNotFoundException: Cannot find class: com.lzq.demo.domain.Addresses
	at org.apache.ibatis.type.TypeAliasRegistry.resolveAlias(TypeAliasRegistry.java:128)
	at org.apache.ibatis.builder.BaseBuilder.resolveAlias(BaseBuilder.java:149)
	at org.apache.ibatis.builder.BaseBuilder.resolveClass(BaseBuilder.java:116)
	... 59 common frames omitted
Caused by: java.lang.ClassNotFoundException: Cannot find class: com.lzq.demo.domain.Addresses
	at org.apache.ibatis.io.ClassLoaderWrapper.classForName(ClassLoaderWrapper.java:196)
	at org.apache.ibatis.io.ClassLoaderWrapper.classForName(ClassLoaderWrapper.java:89)
	at org.apache.ibatis.io.Resources.classForName(Resources.java:261)
	at org.apache.ibatis.type.TypeAliasRegistry.resolveAlias(TypeAliasRegistry.java:124)
	... 61 common frames omitted
2023-05-27 01:04:29.330 [main] INFO  com.lzq.demo.Application - Starting Application using Java 17.0.6 on lindeiMac.lan with PID 1884 (/Users/lin/IdeaProjects/Java-Tutorial/Mybatis-Plus-demo/target/classes started by lin in /Users/lin/IdeaProjects/Java-Tutorial)
2023-05-27 01:04:29.332 [main] INFO  com.lzq.demo.Application - No active profile set, falling back to 1 default profile: "default"
2023-05-27 01:04:29.867 [main] WARN  io.undertow.websockets.jsr - UT026010: Buffer pool was not set on WebSocketDeploymentInfo, the default pool will be used
2023-05-27 01:04:29.874 [main] INFO  io.undertow.servlet - Initializing Spring embedded WebApplicationContext
2023-05-27 01:04:29.874 [main] INFO  o.s.b.w.s.c.ServletWebServerApplicationContext - Root WebApplicationContext: initialization completed in 522 ms
2023-05-27 01:04:29.974 [main] INFO  c.a.d.s.b.a.DruidDataSourceAutoConfigure - Init DruidDataSource
2023-05-27 01:04:30.019 [main] ERROR c.alibaba.druid.filter.FilterManager - load filter error, filter not found : logback
2023-05-27 01:04:30.424 [main] INFO  c.alibaba.druid.pool.DruidDataSource - {dataSource-1} inited
2023-05-27 01:04:30.470 [main] WARN  c.b.m.core.metadata.TableInfoHelper - Can not find table primary key in Class: "com.lzq.demo.domain.FormRule".
2023-05-27 01:04:30.474 [main] WARN  c.b.m.c.injector.DefaultSqlInjector - class com.lzq.demo.domain.FormRule ,Not found @TableId annotation, Cannot use Mybatis-Plus 'xxById' Method.
2023-05-27 01:04:30.848 [main] INFO  o.s.b.a.e.web.EndpointLinksResolver - Exposing 1 endpoint(s) beneath base path '/actuator'
2023-05-27 01:04:30.873 [main] INFO  org.xnio - XNIO version 3.8.6.Final
2023-05-27 01:04:30.879 [main] INFO  org.xnio.nio - XNIO NIO Implementation Version 3.8.6.Final
2023-05-27 01:04:30.895 [main] INFO  org.jboss.threads - JBoss Threads version 3.1.0.Final
2023-05-27 01:04:30.910 [main] INFO  io.undertow - starting server: Undertow - 2.2.16.Final
2023-05-27 01:04:30.929 [main] INFO  o.s.b.w.e.undertow.UndertowWebServer - Undertow started on port(s) 8080 (http)
2023-05-27 01:04:30.938 [main] INFO  com.lzq.demo.Application - Started Application in 1.764 seconds (JVM running for 3.227)
2023-05-27 01:05:12.307 [SpringApplicationShutdownHook] INFO  io.undertow - stopping server: Undertow - 2.2.16.Final
2023-05-27 01:05:12.315 [SpringApplicationShutdownHook] INFO  c.alibaba.druid.pool.DruidDataSource - {dataSource-1} closing ...
2023-05-27 01:05:12.319 [SpringApplicationShutdownHook] INFO  c.alibaba.druid.pool.DruidDataSource - {dataSource-1} closed
2023-05-27 01:05:13.782 [main] INFO  com.lzq.demo.Application - Starting Application using Java 17.0.6 on lindeiMac.lan with PID 1890 (/Users/lin/IdeaProjects/Java-Tutorial/Mybatis-Plus-demo/target/classes started by lin in /Users/lin/IdeaProjects/Java-Tutorial)
2023-05-27 01:05:13.784 [main] INFO  com.lzq.demo.Application - No active profile set, falling back to 1 default profile: "default"
2023-05-27 01:05:14.310 [main] WARN  io.undertow.websockets.jsr - UT026010: Buffer pool was not set on WebSocketDeploymentInfo, the default pool will be used
2023-05-27 01:05:14.318 [main] INFO  io.undertow.servlet - Initializing Spring embedded WebApplicationContext
2023-05-27 01:05:14.318 [main] INFO  o.s.b.w.s.c.ServletWebServerApplicationContext - Root WebApplicationContext: initialization completed in 511 ms
2023-05-27 01:05:14.425 [main] INFO  c.a.d.s.b.a.DruidDataSourceAutoConfigure - Init DruidDataSource
2023-05-27 01:05:14.476 [main] ERROR c.alibaba.druid.filter.FilterManager - load filter error, filter not found : logback
2023-05-27 01:05:14.842 [main] INFO  c.alibaba.druid.pool.DruidDataSource - {dataSource-1} inited
2023-05-27 01:05:14.886 [main] WARN  c.b.m.core.metadata.TableInfoHelper - Can not find table primary key in Class: "com.lzq.demo.domain.FormRule".
2023-05-27 01:05:14.888 [main] WARN  c.b.m.c.injector.DefaultSqlInjector - class com.lzq.demo.domain.FormRule ,Not found @TableId annotation, Cannot use Mybatis-Plus 'xxById' Method.
2023-05-27 01:05:15.204 [main] INFO  o.s.b.a.e.web.EndpointLinksResolver - Exposing 1 endpoint(s) beneath base path '/actuator'
2023-05-27 01:05:15.226 [main] INFO  org.xnio - XNIO version 3.8.6.Final
2023-05-27 01:05:15.230 [main] INFO  org.xnio.nio - XNIO NIO Implementation Version 3.8.6.Final
2023-05-27 01:05:15.241 [main] INFO  org.jboss.threads - JBoss Threads version 3.1.0.Final
2023-05-27 01:05:15.251 [main] INFO  io.undertow - starting server: Undertow - 2.2.16.Final
2023-05-27 01:05:15.265 [main] INFO  o.s.b.w.e.undertow.UndertowWebServer - Undertow started on port(s) 8080 (http)
2023-05-27 01:05:15.272 [main] INFO  com.lzq.demo.Application - Started Application in 1.68 seconds (JVM running for 2.029)
2023-05-27 01:05:15.442 [RMI TCP Connection(2)-192.168.1.170] INFO  io.undertow.servlet - Initializing Spring DispatcherServlet 'dispatcherServlet'
2023-05-27 01:05:15.443 [RMI TCP Connection(2)-192.168.1.170] INFO  o.s.web.servlet.DispatcherServlet - Initializing Servlet 'dispatcherServlet'
2023-05-27 01:05:15.443 [RMI TCP Connection(2)-192.168.1.170] INFO  o.s.web.servlet.DispatcherServlet - Completed initialization in 0 ms
2023-05-27 01:06:10.585 [SpringApplicationShutdownHook] INFO  io.undertow - stopping server: Undertow - 2.2.16.Final
2023-05-27 01:06:10.587 [SpringApplicationShutdownHook] INFO  io.undertow.servlet - Destroying Spring FrameworkServlet 'dispatcherServlet'
2023-05-27 01:06:10.589 [SpringApplicationShutdownHook] INFO  c.alibaba.druid.pool.DruidDataSource - {dataSource-1} closing ...
2023-05-27 01:06:10.592 [SpringApplicationShutdownHook] INFO  c.alibaba.druid.pool.DruidDataSource - {dataSource-1} closed
2023-05-27 01:06:12.608 [main] INFO  com.lzq.demo.Application - Starting Application using Java 17.0.6 on lindeiMac.lan with PID 1900 (/Users/lin/IdeaProjects/Java-Tutorial/Mybatis-Plus-demo/target/classes started by lin in /Users/lin/IdeaProjects/Java-Tutorial)
2023-05-27 01:06:12.609 [main] INFO  com.lzq.demo.Application - No active profile set, falling back to 1 default profile: "default"
2023-05-27 01:06:13.130 [main] WARN  io.undertow.websockets.jsr - UT026010: Buffer pool was not set on WebSocketDeploymentInfo, the default pool will be used
2023-05-27 01:06:13.142 [main] INFO  io.undertow.servlet - Initializing Spring embedded WebApplicationContext
2023-05-27 01:06:13.142 [main] INFO  o.s.b.w.s.c.ServletWebServerApplicationContext - Root WebApplicationContext: initialization completed in 512 ms
2023-05-27 01:06:13.241 [main] INFO  c.a.d.s.b.a.DruidDataSourceAutoConfigure - Init DruidDataSource
2023-05-27 01:06:13.286 [main] ERROR c.alibaba.druid.filter.FilterManager - load filter error, filter not found : logback
2023-05-27 01:06:13.642 [main] INFO  c.alibaba.druid.pool.DruidDataSource - {dataSource-1} inited
2023-05-27 01:06:13.684 [main] WARN  c.b.m.core.metadata.TableInfoHelper - Can not find table primary key in Class: "com.lzq.demo.domain.FormRule".
2023-05-27 01:06:13.687 [main] WARN  c.b.m.c.injector.DefaultSqlInjector - class com.lzq.demo.domain.FormRule ,Not found @TableId annotation, Cannot use Mybatis-Plus 'xxById' Method.
2023-05-27 01:06:14.006 [main] INFO  o.s.b.a.e.web.EndpointLinksResolver - Exposing 1 endpoint(s) beneath base path '/actuator'
2023-05-27 01:06:14.028 [main] INFO  org.xnio - XNIO version 3.8.6.Final
2023-05-27 01:06:14.031 [main] INFO  org.xnio.nio - XNIO NIO Implementation Version 3.8.6.Final
2023-05-27 01:06:14.043 [main] INFO  org.jboss.threads - JBoss Threads version 3.1.0.Final
2023-05-27 01:06:14.054 [main] INFO  io.undertow - starting server: Undertow - 2.2.16.Final
2023-05-27 01:06:14.068 [main] INFO  o.s.b.w.e.undertow.UndertowWebServer - Undertow started on port(s) 8080 (http)
2023-05-27 01:06:14.075 [main] INFO  com.lzq.demo.Application - Started Application in 1.643 seconds (JVM running for 1.97)
2023-05-27 01:06:14.273 [RMI TCP Connection(2)-192.168.1.170] INFO  io.undertow.servlet - Initializing Spring DispatcherServlet 'dispatcherServlet'
2023-05-27 01:06:14.273 [RMI TCP Connection(2)-192.168.1.170] INFO  o.s.web.servlet.DispatcherServlet - Initializing Servlet 'dispatcherServlet'
2023-05-27 01:06:14.274 [RMI TCP Connection(2)-192.168.1.170] INFO  o.s.web.servlet.DispatcherServlet - Completed initialization in 1 ms
2023-05-27 01:20:03.863 [SpringApplicationShutdownHook] INFO  io.undertow - stopping server: Undertow - 2.2.16.Final
2023-05-27 01:20:03.868 [SpringApplicationShutdownHook] INFO  io.undertow.servlet - Destroying Spring FrameworkServlet 'dispatcherServlet'
2023-05-27 01:20:03.870 [SpringApplicationShutdownHook] INFO  c.alibaba.druid.pool.DruidDataSource - {dataSource-1} closing ...
2023-05-27 01:20:03.873 [SpringApplicationShutdownHook] INFO  c.alibaba.druid.pool.DruidDataSource - {dataSource-1} closed
2023-05-27 01:20:06.813 [main] INFO  com.lzq.demo.Application - Starting Application using Java 17.0.6 on lindeiMac.lan with PID 3758 (/Users/lin/IdeaProjects/Java-Tutorial/Mybatis-Plus-demo/target/classes started by lin in /Users/lin/IdeaProjects/Java-Tutorial)
2023-05-27 01:20:06.814 [main] INFO  com.lzq.demo.Application - No active profile set, falling back to 1 default profile: "default"
2023-05-27 01:20:07.347 [main] WARN  io.undertow.websockets.jsr - UT026010: Buffer pool was not set on WebSocketDeploymentInfo, the default pool will be used
2023-05-27 01:20:07.362 [main] INFO  io.undertow.servlet - Initializing Spring embedded WebApplicationContext
2023-05-27 01:20:07.363 [main] INFO  o.s.b.w.s.c.ServletWebServerApplicationContext - Root WebApplicationContext: initialization completed in 527 ms
2023-05-27 01:20:07.470 [main] INFO  c.a.d.s.b.a.DruidDataSourceAutoConfigure - Init DruidDataSource
2023-05-27 01:20:07.514 [main] ERROR c.alibaba.druid.filter.FilterManager - load filter error, filter not found : logback
2023-05-27 01:20:07.828 [main] INFO  c.alibaba.druid.pool.DruidDataSource - {dataSource-1} inited
2023-05-27 01:20:07.870 [main] WARN  c.b.m.core.metadata.TableInfoHelper - Can not find table primary key in Class: "com.lzq.demo.domain.FormRule".
2023-05-27 01:20:07.872 [main] WARN  c.b.m.c.injector.DefaultSqlInjector - class com.lzq.demo.domain.FormRule ,Not found @TableId annotation, Cannot use Mybatis-Plus 'xxById' Method.
2023-05-27 01:20:08.200 [main] INFO  o.s.b.a.e.web.EndpointLinksResolver - Exposing 1 endpoint(s) beneath base path '/actuator'
2023-05-27 01:20:08.222 [main] INFO  org.xnio - XNIO version 3.8.6.Final
2023-05-27 01:20:08.225 [main] INFO  org.xnio.nio - XNIO NIO Implementation Version 3.8.6.Final
2023-05-27 01:20:08.237 [main] INFO  org.jboss.threads - JBoss Threads version 3.1.0.Final
2023-05-27 01:20:08.247 [main] INFO  io.undertow - starting server: Undertow - 2.2.16.Final
2023-05-27 01:20:08.260 [main] INFO  o.s.b.w.e.undertow.UndertowWebServer - Undertow started on port(s) 8080 (http)
2023-05-27 01:20:08.268 [main] INFO  com.lzq.demo.Application - Started Application in 1.624 seconds (JVM running for 1.951)
2023-05-27 01:20:08.487 [RMI TCP Connection(2)-192.168.1.170] INFO  io.undertow.servlet - Initializing Spring DispatcherServlet 'dispatcherServlet'
2023-05-27 01:20:08.487 [RMI TCP Connection(2)-192.168.1.170] INFO  o.s.web.servlet.DispatcherServlet - Initializing Servlet 'dispatcherServlet'
2023-05-27 01:20:08.487 [RMI TCP Connection(2)-192.168.1.170] INFO  o.s.web.servlet.DispatcherServlet - Completed initialization in 0 ms
2023-05-27 01:21:14.114 [SpringApplicationShutdownHook] INFO  io.undertow - stopping server: Undertow - 2.2.16.Final
2023-05-27 01:21:14.115 [SpringApplicationShutdownHook] INFO  io.undertow.servlet - Destroying Spring FrameworkServlet 'dispatcherServlet'
2023-05-27 01:21:14.117 [SpringApplicationShutdownHook] INFO  c.alibaba.druid.pool.DruidDataSource - {dataSource-1} closing ...
2023-05-27 01:21:14.120 [SpringApplicationShutdownHook] INFO  c.alibaba.druid.pool.DruidDataSource - {dataSource-1} closed
2023-05-27 01:21:16.757 [main] INFO  com.lzq.demo.Application - Starting Application using Java 17.0.6 on lindeiMac.lan with PID 3774 (/Users/lin/IdeaProjects/Java-Tutorial/Mybatis-Plus-demo/target/classes started by lin in /Users/lin/IdeaProjects/Java-Tutorial)
2023-05-27 01:21:16.758 [main] INFO  com.lzq.demo.Application - No active profile set, falling back to 1 default profile: "default"
2023-05-27 01:21:17.356 [main] WARN  io.undertow.websockets.jsr - UT026010: Buffer pool was not set on WebSocketDeploymentInfo, the default pool will be used
2023-05-27 01:21:17.366 [main] INFO  io.undertow.servlet - Initializing Spring embedded WebApplicationContext
2023-05-27 01:21:17.366 [main] INFO  o.s.b.w.s.c.ServletWebServerApplicationContext - Root WebApplicationContext: initialization completed in 583 ms
2023-05-27 01:21:17.486 [main] INFO  c.a.d.s.b.a.DruidDataSourceAutoConfigure - Init DruidDataSource
2023-05-27 01:21:17.534 [main] ERROR c.alibaba.druid.filter.FilterManager - load filter error, filter not found : logback
2023-05-27 01:21:17.861 [main] INFO  c.alibaba.druid.pool.DruidDataSource - {dataSource-1} inited
2023-05-27 01:21:17.909 [main] WARN  c.b.m.core.metadata.TableInfoHelper - Can not find table primary key in Class: "com.lzq.demo.domain.FormRule".
2023-05-27 01:21:17.912 [main] WARN  c.b.m.c.injector.DefaultSqlInjector - class com.lzq.demo.domain.FormRule ,Not found @TableId annotation, Cannot use Mybatis-Plus 'xxById' Method.
2023-05-27 01:21:18.251 [main] INFO  o.s.b.a.e.web.EndpointLinksResolver - Exposing 1 endpoint(s) beneath base path '/actuator'
2023-05-27 01:21:18.276 [main] INFO  org.xnio - XNIO version 3.8.6.Final
2023-05-27 01:21:18.280 [main] INFO  org.xnio.nio - XNIO NIO Implementation Version 3.8.6.Final
2023-05-27 01:21:18.294 [main] INFO  org.jboss.threads - JBoss Threads version 3.1.0.Final
2023-05-27 01:21:18.306 [main] INFO  io.undertow - starting server: Undertow - 2.2.16.Final
2023-05-27 01:21:18.321 [main] INFO  o.s.b.w.e.undertow.UndertowWebServer - Undertow started on port(s) 8080 (http)
2023-05-27 01:21:18.329 [main] INFO  com.lzq.demo.Application - Started Application in 1.756 seconds (JVM running for 2.418)
2023-05-27 01:21:18.841 [RMI TCP Connection(1)-192.168.1.170] INFO  io.undertow.servlet - Initializing Spring DispatcherServlet 'dispatcherServlet'
2023-05-27 01:21:18.841 [RMI TCP Connection(1)-192.168.1.170] INFO  o.s.web.servlet.DispatcherServlet - Initializing Servlet 'dispatcherServlet'
2023-05-27 01:21:18.842 [RMI TCP Connection(1)-192.168.1.170] INFO  o.s.web.servlet.DispatcherServlet - Completed initialization in 1 ms
2023-05-27 01:23:52.950 [SpringApplicationShutdownHook] INFO  io.undertow - stopping server: Undertow - 2.2.16.Final
2023-05-27 01:23:52.951 [SpringApplicationShutdownHook] INFO  io.undertow.servlet - Destroying Spring FrameworkServlet 'dispatcherServlet'
2023-05-27 01:23:52.953 [SpringApplicationShutdownHook] INFO  c.alibaba.druid.pool.DruidDataSource - {dataSource-1} closing ...
2023-05-27 01:23:52.956 [SpringApplicationShutdownHook] INFO  c.alibaba.druid.pool.DruidDataSource - {dataSource-1} closed
