2023-05-28 22:35:55 [com.xxl.job.core.thread.JobThread#run]-[130]-[Thread-13] <br>----------- xxl-job job execute start -----------<br>----------- Param:{"id":"123"}
2023-05-28 22:35:55 [com.xxl.job.core.thread.JobThread#run]-[201]-[Thread-13] <br>----------- JobThread Exception:java.lang.reflect.InvocationTargetException
	at sun.reflect.NativeMethodAccessorImpl.invoke0(Native Method)
	at sun.reflect.NativeMethodAccessorImpl.invoke(NativeMethodAccessorImpl.java:62)
	at sun.reflect.DelegatingMethodAccessorImpl.invoke(DelegatingMethodAccessorImpl.java:43)
	at java.lang.reflect.Method.invoke(Method.java:498)
	at com.xxl.job.core.handler.impl.MethodJobHandler.execute(MethodJobHandler.java:31)
	at com.xxl.job.core.thread.JobThread.run(JobThread.java:163)
Caused by: java.lang.IllegalArgumentException: URI is not absolute
	at java.net.URI.toURL(URI.java:1088)
	at org.springframework.http.client.SimpleClientHttpRequestFactory.createRequest(SimpleClientHttpRequestFactory.java:145)
	at org.springframework.http.client.support.HttpAccessor.createRequest(HttpAccessor.java:124)
	at org.springframework.web.client.RestTemplate.doExecute(RestTemplate.java:735)
	at org.springframework.web.client.RestTemplate.execute(RestTemplate.java:674)
	at org.springframework.web.client.RestTemplate.postForEntity(RestTemplate.java:449)
	at com.luoyu.xxljob.utils.XxlJobUtil.doPost(XxlJobUtil.java:127)
	at com.luoyu.xxljob.utils.XxlJobUtil.getGroupId(XxlJobUtil.java:52)
	at com.luoyu.xxljob.utils.XxlJobUtil.add(XxlJobUtil.java:62)
	at com.luoyu.xxljob.service.XxlJobService.demoJobHandler(XxlJobService.java:56)
	... 6 more
<br>----------- xxl-job job execute end(error) -----------
2023-05-28 22:35:55 [com.xxl.job.core.thread.TriggerCallbackThread#callbackLog]-[197]-[xxl-job, executor TriggerCallbackThread] <br>----------- xxl-job job callback finish.
